2021/11/03 18:41:21 [notice] 1#1: using the "epoll" event method
2021/11/03 18:41:21 [notice] 1#1: nginx/1.21.3
2021/11/03 18:41:21 [notice] 1#1: built by gcc 8.3.0 (Debian 8.3.0-6) 
2021/11/03 18:41:21 [notice] 1#1: OS: Linux 5.11.0-38-generic
2021/11/03 18:41:21 [notice] 1#1: getrlimit(RLIMIT_NOFILE): 1048576:1048576
2021/11/03 18:41:21 [notice] 1#1: start worker processes
2021/11/03 18:41:21 [notice] 1#1: start worker process 32
2021/11/03 18:41:21 [notice] 1#1: start worker process 33
2021/11/03 18:41:21 [notice] 1#1: start worker process 34
2021/11/03 18:41:21 [notice] 1#1: start worker process 35
2021/11/03 18:42:53 [notice] 1#1: signal 3 (SIGQUIT) received, shutting down
2021/11/03 18:42:53 [notice] 34#34: gracefully shutting down
2021/11/03 18:42:53 [notice] 34#34: exiting
2021/11/03 18:42:53 [notice] 34#34: exit
2021/11/03 18:42:53 [notice] 32#32: gracefully shutting down
2021/11/03 18:42:53 [notice] 32#32: exiting
2021/11/03 18:42:53 [notice] 32#32: exit
2021/11/03 18:42:53 [notice] 33#33: gracefully shutting down
2021/11/03 18:42:53 [notice] 33#33: exiting
2021/11/03 18:42:53 [notice] 33#33: exit
2021/11/03 18:42:53 [notice] 35#35: gracefully shutting down
2021/11/03 18:42:53 [notice] 35#35: exiting
2021/11/03 18:42:53 [notice] 35#35: exit
2021/11/03 18:42:53 [notice] 1#1: signal 17 (SIGCHLD) received from 32
2021/11/03 18:42:53 [notice] 1#1: worker process 32 exited with code 0
2021/11/03 18:42:53 [notice] 1#1: worker process 33 exited with code 0
2021/11/03 18:42:53 [notice] 1#1: worker process 34 exited with code 0
2021/11/03 18:42:53 [notice] 1#1: signal 29 (SIGIO) received
2021/11/03 18:42:53 [notice] 1#1: signal 17 (SIGCHLD) received from 34
2021/11/03 18:42:53 [notice] 1#1: signal 17 (SIGCHLD) received from 35
2021/11/03 18:42:53 [notice] 1#1: worker process 35 exited with code 0
2021/11/03 18:42:53 [notice] 1#1: exit
2021/11/03 18:43:02 [notice] 1#1: using the "epoll" event method
2021/11/03 18:43:02 [notice] 1#1: nginx/1.21.3
2021/11/03 18:43:02 [notice] 1#1: built by gcc 8.3.0 (Debian 8.3.0-6) 
2021/11/03 18:43:02 [notice] 1#1: OS: Linux 5.11.0-38-generic
2021/11/03 18:43:02 [notice] 1#1: getrlimit(RLIMIT_NOFILE): 1048576:1048576
2021/11/03 18:43:02 [notice] 1#1: start worker processes
2021/11/03 18:43:02 [notice] 1#1: start worker process 23
2021/11/03 18:43:02 [notice] 1#1: start worker process 24
2021/11/03 18:43:02 [notice] 1#1: start worker process 25
2021/11/03 18:43:02 [notice] 1#1: start worker process 26
2021/11/03 18:43:24 [notice] 1#1: signal 3 (SIGQUIT) received, shutting down
2021/11/03 18:43:24 [notice] 23#23: gracefully shutting down
2021/11/03 18:43:24 [notice] 23#23: exiting
2021/11/03 18:43:24 [notice] 23#23: exit
2021/11/03 18:43:24 [notice] 24#24: gracefully shutting down
2021/11/03 18:43:24 [notice] 24#24: exiting
2021/11/03 18:43:24 [notice] 24#24: exit
2021/11/03 18:43:24 [notice] 25#25: gracefully shutting down
2021/11/03 18:43:24 [notice] 25#25: exiting
2021/11/03 18:43:24 [notice] 25#25: exit
2021/11/03 18:43:24 [notice] 26#26: gracefully shutting down
2021/11/03 18:43:24 [notice] 26#26: exiting
2021/11/03 18:43:24 [notice] 26#26: exit
2021/11/03 18:43:24 [notice] 1#1: signal 17 (SIGCHLD) received from 26
2021/11/03 18:43:24 [notice] 1#1: worker process 23 exited with code 0
2021/11/03 18:43:24 [notice] 1#1: worker process 26 exited with code 0
2021/11/03 18:43:24 [notice] 1#1: signal 29 (SIGIO) received
2021/11/03 18:43:24 [notice] 1#1: signal 17 (SIGCHLD) received from 25
2021/11/03 18:43:24 [notice] 1#1: worker process 25 exited with code 0
2021/11/03 18:43:24 [notice] 1#1: signal 29 (SIGIO) received
2021/11/03 18:43:24 [notice] 1#1: signal 17 (SIGCHLD) received from 24
2021/11/03 18:43:24 [notice] 1#1: worker process 24 exited with code 0
2021/11/03 18:43:24 [notice] 1#1: exit
2021/11/03 18:43:31 [notice] 1#1: using the "epoll" event method
2021/11/03 18:43:31 [notice] 1#1: nginx/1.21.3
2021/11/03 18:43:31 [notice] 1#1: built by gcc 8.3.0 (Debian 8.3.0-6) 
2021/11/03 18:43:31 [notice] 1#1: OS: Linux 5.11.0-38-generic
2021/11/03 18:43:31 [notice] 1#1: getrlimit(RLIMIT_NOFILE): 1048576:1048576
2021/11/03 18:43:31 [notice] 1#1: start worker processes
2021/11/03 18:43:31 [notice] 1#1: start worker process 24
2021/11/03 18:43:31 [notice] 1#1: start worker process 25
2021/11/03 18:43:31 [notice] 1#1: start worker process 26
2021/11/03 18:43:31 [notice] 1#1: start worker process 27
2021/11/03 18:44:02 [notice] 1#1: signal 3 (SIGQUIT) received, shutting down
2021/11/03 18:44:02 [notice] 27#27: gracefully shutting down
2021/11/03 18:44:02 [notice] 27#27: exiting
2021/11/03 18:44:02 [notice] 27#27: exit
2021/11/03 18:44:02 [notice] 25#25: gracefully shutting down
2021/11/03 18:44:02 [notice] 25#25: exiting
2021/11/03 18:44:02 [notice] 25#25: exit
2021/11/03 18:44:02 [notice] 24#24: gracefully shutting down
2021/11/03 18:44:02 [notice] 24#24: exiting
2021/11/03 18:44:02 [notice] 24#24: exit
2021/11/03 18:44:02 [notice] 26#26: gracefully shutting down
2021/11/03 18:44:02 [notice] 26#26: exiting
2021/11/03 18:44:02 [notice] 26#26: exit
2021/11/03 18:44:02 [notice] 1#1: signal 17 (SIGCHLD) received from 24
2021/11/03 18:44:02 [notice] 1#1: worker process 24 exited with code 0
2021/11/03 18:44:02 [notice] 1#1: worker process 25 exited with code 0
2021/11/03 18:44:02 [notice] 1#1: signal 29 (SIGIO) received
2021/11/03 18:44:02 [notice] 1#1: signal 17 (SIGCHLD) received from 25
2021/11/03 18:44:02 [notice] 1#1: signal 17 (SIGCHLD) received from 27
2021/11/03 18:44:02 [notice] 1#1: worker process 27 exited with code 0
2021/11/03 18:44:02 [notice] 1#1: signal 17 (SIGCHLD) received from 26
2021/11/03 18:44:02 [notice] 1#1: worker process 26 exited with code 0
2021/11/03 18:44:02 [notice] 1#1: exit
2021/11/03 18:44:10 [notice] 1#1: using the "epoll" event method
2021/11/03 18:44:10 [notice] 1#1: nginx/1.21.3
2021/11/03 18:44:10 [notice] 1#1: built by gcc 8.3.0 (Debian 8.3.0-6) 
2021/11/03 18:44:10 [notice] 1#1: OS: Linux 5.11.0-38-generic
2021/11/03 18:44:10 [notice] 1#1: getrlimit(RLIMIT_NOFILE): 1048576:1048576
2021/11/03 18:44:10 [notice] 1#1: start worker processes
2021/11/03 18:44:10 [notice] 1#1: start worker process 25
2021/11/03 18:44:10 [notice] 1#1: start worker process 26
2021/11/03 18:44:10 [notice] 1#1: start worker process 27
2021/11/03 18:44:10 [notice] 1#1: start worker process 28
2021/11/03 18:45:03 [notice] 1#1: signal 3 (SIGQUIT) received, shutting down
2021/11/03 18:45:03 [notice] 25#25: gracefully shutting down
2021/11/03 18:45:03 [notice] 26#26: gracefully shutting down
2021/11/03 18:45:03 [notice] 25#25: exiting
2021/11/03 18:45:03 [notice] 26#26: exiting
2021/11/03 18:45:03 [notice] 25#25: exit
2021/11/03 18:45:03 [notice] 26#26: exit
2021/11/03 18:45:03 [notice] 27#27: gracefully shutting down
2021/11/03 18:45:03 [notice] 27#27: exiting
2021/11/03 18:45:03 [notice] 27#27: exit
2021/11/03 18:45:03 [notice] 28#28: gracefully shutting down
2021/11/03 18:45:03 [notice] 28#28: exiting
2021/11/03 18:45:03 [notice] 28#28: exit
2021/11/03 18:45:03 [notice] 1#1: signal 17 (SIGCHLD) received from 25
2021/11/03 18:45:03 [notice] 1#1: worker process 25 exited with code 0
2021/11/03 18:45:03 [notice] 1#1: worker process 27 exited with code 0
2021/11/03 18:45:03 [notice] 1#1: signal 29 (SIGIO) received
2021/11/03 18:45:03 [notice] 1#1: signal 17 (SIGCHLD) received from 26
2021/11/03 18:45:03 [notice] 1#1: worker process 26 exited with code 0
2021/11/03 18:45:03 [notice] 1#1: signal 29 (SIGIO) received
2021/11/03 18:45:03 [notice] 1#1: signal 17 (SIGCHLD) received from 28
2021/11/03 18:45:03 [notice] 1#1: worker process 28 exited with code 0
2021/11/03 18:45:03 [notice] 1#1: exit
2021/11/03 18:45:11 [notice] 1#1: using the "epoll" event method
2021/11/03 18:45:11 [notice] 1#1: nginx/1.21.3
2021/11/03 18:45:11 [notice] 1#1: built by gcc 8.3.0 (Debian 8.3.0-6) 
2021/11/03 18:45:11 [notice] 1#1: OS: Linux 5.11.0-38-generic
2021/11/03 18:45:11 [notice] 1#1: getrlimit(RLIMIT_NOFILE): 1048576:1048576
2021/11/03 18:45:11 [notice] 1#1: start worker processes
2021/11/03 18:45:11 [notice] 1#1: start worker process 24
2021/11/03 18:45:11 [notice] 1#1: start worker process 25
2021/11/03 18:45:11 [notice] 1#1: start worker process 26
2021/11/03 18:45:11 [notice] 1#1: start worker process 27
2021/11/03 18:45:39 [notice] 1#1: signal 3 (SIGQUIT) received, shutting down
2021/11/03 18:45:39 [notice] 24#24: gracefully shutting down
2021/11/03 18:45:39 [notice] 24#24: exiting
2021/11/03 18:45:39 [notice] 24#24: exit
2021/11/03 18:45:39 [notice] 25#25: gracefully shutting down
2021/11/03 18:45:39 [notice] 25#25: exiting
2021/11/03 18:45:39 [notice] 25#25: exit
2021/11/03 18:45:39 [notice] 26#26: gracefully shutting down
2021/11/03 18:45:39 [notice] 26#26: exiting
2021/11/03 18:45:39 [notice] 26#26: exit
2021/11/03 18:45:39 [notice] 27#27: gracefully shutting down
2021/11/03 18:45:39 [notice] 27#27: exiting
2021/11/03 18:45:39 [notice] 27#27: exit
2021/11/03 18:45:39 [notice] 1#1: signal 17 (SIGCHLD) received from 24
2021/11/03 18:45:39 [notice] 1#1: worker process 24 exited with code 0
2021/11/03 18:45:39 [notice] 1#1: signal 29 (SIGIO) received
2021/11/03 18:45:39 [notice] 1#1: signal 17 (SIGCHLD) received from 26
2021/11/03 18:45:39 [notice] 1#1: worker process 26 exited with code 0
2021/11/03 18:45:39 [notice] 1#1: signal 29 (SIGIO) received
2021/11/03 18:45:39 [notice] 1#1: signal 17 (SIGCHLD) received from 25
2021/11/03 18:45:39 [notice] 1#1: worker process 25 exited with code 0
2021/11/03 18:45:39 [notice] 1#1: signal 29 (SIGIO) received
2021/11/03 18:45:39 [notice] 1#1: signal 17 (SIGCHLD) received from 27
2021/11/03 18:45:39 [notice] 1#1: worker process 27 exited with code 0
2021/11/03 18:45:39 [notice] 1#1: exit
2021/11/03 18:45:46 [notice] 1#1: using the "epoll" event method
2021/11/03 18:45:46 [notice] 1#1: nginx/1.21.3
2021/11/03 18:45:46 [notice] 1#1: built by gcc 8.3.0 (Debian 8.3.0-6) 
2021/11/03 18:45:46 [notice] 1#1: OS: Linux 5.11.0-38-generic
2021/11/03 18:45:46 [notice] 1#1: getrlimit(RLIMIT_NOFILE): 1048576:1048576
2021/11/03 18:45:46 [notice] 1#1: start worker processes
2021/11/03 18:45:46 [notice] 1#1: start worker process 24
2021/11/03 18:45:46 [notice] 1#1: start worker process 25
2021/11/03 18:45:46 [notice] 1#1: start worker process 26
2021/11/03 18:45:46 [notice] 1#1: start worker process 27
2021/11/03 18:46:02 [notice] 1#1: signal 3 (SIGQUIT) received, shutting down
2021/11/03 18:46:02 [notice] 25#25: gracefully shutting down
2021/11/03 18:46:02 [notice] 27#27: gracefully shutting down
2021/11/03 18:46:02 [notice] 25#25: exiting
2021/11/03 18:46:02 [notice] 27#27: exiting
2021/11/03 18:46:02 [notice] 25#25: exit
2021/11/03 18:46:02 [notice] 27#27: exit
2021/11/03 18:46:02 [notice] 26#26: gracefully shutting down
2021/11/03 18:46:02 [notice] 24#24: gracefully shutting down
2021/11/03 18:46:02 [notice] 26#26: exiting
2021/11/03 18:46:02 [notice] 24#24: exiting
2021/11/03 18:46:02 [notice] 26#26: exit
2021/11/03 18:46:02 [notice] 24#24: exit
2021/11/03 18:46:02 [notice] 1#1: signal 17 (SIGCHLD) received from 25
2021/11/03 18:46:02 [notice] 1#1: worker process 25 exited with code 0
2021/11/03 18:46:02 [notice] 1#1: worker process 26 exited with code 0
2021/11/03 18:46:02 [notice] 1#1: signal 29 (SIGIO) received
2021/11/03 18:46:02 [notice] 1#1: signal 17 (SIGCHLD) received from 27
2021/11/03 18:46:02 [notice] 1#1: worker process 27 exited with code 0
2021/11/03 18:46:02 [notice] 1#1: signal 29 (SIGIO) received
2021/11/03 18:46:02 [notice] 1#1: signal 17 (SIGCHLD) received from 24
2021/11/03 18:46:02 [notice] 1#1: worker process 24 exited with code 0
2021/11/03 18:46:02 [notice] 1#1: exit
2021/11/03 18:46:12 [notice] 1#1: using the "epoll" event method
2021/11/03 18:46:12 [notice] 1#1: nginx/1.21.3
2021/11/03 18:46:12 [notice] 1#1: built by gcc 8.3.0 (Debian 8.3.0-6) 
2021/11/03 18:46:12 [notice] 1#1: OS: Linux 5.11.0-38-generic
2021/11/03 18:46:12 [notice] 1#1: getrlimit(RLIMIT_NOFILE): 1048576:1048576
2021/11/03 18:46:12 [notice] 1#1: start worker processes
2021/11/03 18:46:12 [notice] 1#1: start worker process 24
2021/11/03 18:46:12 [notice] 1#1: start worker process 25
2021/11/03 18:46:12 [notice] 1#1: start worker process 26
2021/11/03 18:46:12 [notice] 1#1: start worker process 27
2021/11/03 18:47:49 [notice] 1#1: signal 3 (SIGQUIT) received, shutting down
2021/11/03 18:47:49 [notice] 25#25: gracefully shutting down
2021/11/03 18:47:49 [notice] 24#24: gracefully shutting down
2021/11/03 18:47:49 [notice] 26#26: gracefully shutting down
2021/11/03 18:47:49 [notice] 25#25: exiting
2021/11/03 18:47:49 [notice] 24#24: exiting
2021/11/03 18:47:49 [notice] 26#26: exiting
2021/11/03 18:47:49 [notice] 25#25: exit
2021/11/03 18:47:49 [notice] 24#24: exit
2021/11/03 18:47:49 [notice] 26#26: exit
2021/11/03 18:47:49 [notice] 27#27: gracefully shutting down
2021/11/03 18:47:49 [notice] 27#27: exiting
2021/11/03 18:47:49 [notice] 27#27: exit
2021/11/03 18:47:49 [notice] 1#1: signal 17 (SIGCHLD) received from 26
2021/11/03 18:47:49 [notice] 1#1: worker process 26 exited with code 0
2021/11/03 18:47:49 [notice] 1#1: signal 29 (SIGIO) received
2021/11/03 18:47:49 [notice] 1#1: signal 17 (SIGCHLD) received from 25
2021/11/03 18:47:49 [notice] 1#1: worker process 25 exited with code 0
2021/11/03 18:47:49 [notice] 1#1: signal 29 (SIGIO) received
2021/11/03 18:47:49 [notice] 1#1: signal 17 (SIGCHLD) received from 24
2021/11/03 18:47:49 [notice] 1#1: worker process 24 exited with code 0
2021/11/03 18:47:49 [notice] 1#1: signal 29 (SIGIO) received
2021/11/03 18:47:49 [notice] 1#1: signal 17 (SIGCHLD) received from 27
2021/11/03 18:47:49 [notice] 1#1: worker process 27 exited with code 0
2021/11/03 18:47:49 [notice] 1#1: exit
2021/11/03 18:47:55 [notice] 1#1: using the "epoll" event method
2021/11/03 18:47:55 [notice] 1#1: nginx/1.21.3
2021/11/03 18:47:55 [notice] 1#1: built by gcc 8.3.0 (Debian 8.3.0-6) 
2021/11/03 18:47:55 [notice] 1#1: OS: Linux 5.11.0-38-generic
2021/11/03 18:47:55 [notice] 1#1: getrlimit(RLIMIT_NOFILE): 1048576:1048576
2021/11/03 18:47:55 [notice] 1#1: start worker processes
2021/11/03 18:47:55 [notice] 1#1: start worker process 31
2021/11/03 18:47:55 [notice] 1#1: start worker process 32
2021/11/03 18:47:55 [notice] 1#1: start worker process 33
2021/11/03 18:47:55 [notice] 1#1: start worker process 34
2021/11/03 18:48:32 [notice] 1#1: signal 3 (SIGQUIT) received, shutting down
2021/11/03 18:48:32 [notice] 31#31: gracefully shutting down
2021/11/03 18:48:32 [notice] 33#33: gracefully shutting down
2021/11/03 18:48:32 [notice] 31#31: exiting
2021/11/03 18:48:32 [notice] 32#32: gracefully shutting down
2021/11/03 18:48:32 [notice] 33#33: exiting
2021/11/03 18:48:32 [notice] 32#32: exiting
2021/11/03 18:48:32 [notice] 31#31: exit
2021/11/03 18:48:32 [notice] 33#33: exit
2021/11/03 18:48:32 [notice] 32#32: exit
2021/11/03 18:48:32 [notice] 34#34: gracefully shutting down
2021/11/03 18:48:32 [notice] 34#34: exiting
2021/11/03 18:48:32 [notice] 34#34: exit
2021/11/03 18:48:32 [notice] 1#1: signal 17 (SIGCHLD) received from 34
2021/11/03 18:48:32 [notice] 1#1: worker process 33 exited with code 0
2021/11/03 18:48:32 [notice] 1#1: worker process 34 exited with code 0
2021/11/03 18:48:32 [notice] 1#1: signal 29 (SIGIO) received
2021/11/03 18:48:32 [notice] 1#1: signal 17 (SIGCHLD) received from 32
2021/11/03 18:48:32 [notice] 1#1: worker process 32 exited with code 0
2021/11/03 18:48:32 [notice] 1#1: signal 29 (SIGIO) received
2021/11/03 18:48:32 [notice] 1#1: signal 17 (SIGCHLD) received from 31
2021/11/03 18:48:32 [notice] 1#1: worker process 31 exited with code 0
2021/11/03 18:48:32 [notice] 1#1: exit
2021/11/03 18:53:46 [notice] 1#1: using the "epoll" event method
2021/11/03 18:53:46 [notice] 1#1: nginx/1.21.3
2021/11/03 18:53:46 [notice] 1#1: built by gcc 8.3.0 (Debian 8.3.0-6) 
2021/11/03 18:53:46 [notice] 1#1: OS: Linux 5.11.0-38-generic
2021/11/03 18:53:46 [notice] 1#1: getrlimit(RLIMIT_NOFILE): 1048576:1048576
2021/11/03 18:53:46 [notice] 1#1: start worker processes
2021/11/03 18:53:46 [notice] 1#1: start worker process 24
2021/11/03 18:53:46 [notice] 1#1: start worker process 25
2021/11/03 18:53:46 [notice] 1#1: start worker process 26
2021/11/03 18:53:46 [notice] 1#1: start worker process 27
2021/11/03 19:17:28 [notice] 1#1: signal 3 (SIGQUIT) received, shutting down
2021/11/03 19:17:28 [notice] 27#27: gracefully shutting down
2021/11/03 19:17:28 [notice] 26#26: gracefully shutting down
2021/11/03 19:17:28 [notice] 25#25: gracefully shutting down
2021/11/03 19:17:28 [notice] 27#27: exiting
2021/11/03 19:17:28 [notice] 26#26: exiting
2021/11/03 19:17:28 [notice] 25#25: exiting
2021/11/03 19:17:28 [notice] 27#27: exit
2021/11/03 19:17:28 [notice] 25#25: exit
2021/11/03 19:17:28 [notice] 26#26: exit
2021/11/03 19:17:28 [notice] 24#24: gracefully shutting down
2021/11/03 19:17:28 [notice] 24#24: exiting
2021/11/03 19:17:28 [notice] 24#24: exit
2021/11/03 19:17:28 [notice] 1#1: signal 17 (SIGCHLD) received from 25
2021/11/03 19:17:28 [notice] 1#1: worker process 25 exited with code 0
2021/11/03 19:17:28 [notice] 1#1: worker process 27 exited with code 0
2021/11/03 19:17:28 [notice] 1#1: signal 29 (SIGIO) received
2021/11/03 19:17:28 [notice] 1#1: signal 17 (SIGCHLD) received from 27
2021/11/03 19:17:28 [notice] 1#1: signal 17 (SIGCHLD) received from 26
2021/11/03 19:17:28 [notice] 1#1: worker process 26 exited with code 0
2021/11/03 19:17:28 [notice] 1#1: signal 29 (SIGIO) received
2021/11/03 19:17:28 [notice] 1#1: signal 17 (SIGCHLD) received from 24
2021/11/03 19:17:28 [notice] 1#1: worker process 24 exited with code 0
2021/11/03 19:17:28 [notice] 1#1: exit
2021/11/03 19:17:37 [notice] 1#1: using the "epoll" event method
2021/11/03 19:17:37 [notice] 1#1: nginx/1.21.3
2021/11/03 19:17:37 [notice] 1#1: built by gcc 8.3.0 (Debian 8.3.0-6) 
2021/11/03 19:17:37 [notice] 1#1: OS: Linux 5.11.0-38-generic
2021/11/03 19:17:37 [notice] 1#1: getrlimit(RLIMIT_NOFILE): 1048576:1048576
2021/11/03 19:17:37 [notice] 1#1: start worker processes
2021/11/03 19:17:37 [notice] 1#1: start worker process 25
2021/11/03 19:17:37 [notice] 1#1: start worker process 26
2021/11/03 19:17:37 [notice] 1#1: start worker process 27
2021/11/03 19:17:37 [notice] 1#1: start worker process 28
2021/11/03 19:18:01 [notice] 1#1: signal 3 (SIGQUIT) received, shutting down
2021/11/03 19:18:01 [notice] 25#25: gracefully shutting down
2021/11/03 19:18:01 [notice] 26#26: gracefully shutting down
2021/11/03 19:18:01 [notice] 27#27: gracefully shutting down
2021/11/03 19:18:01 [notice] 25#25: exiting
2021/11/03 19:18:01 [notice] 26#26: exiting
2021/11/03 19:18:01 [notice] 27#27: exiting
2021/11/03 19:18:01 [notice] 26#26: exit
2021/11/03 19:18:01 [notice] 25#25: exit
2021/11/03 19:18:01 [notice] 27#27: exit
2021/11/03 19:18:01 [notice] 28#28: gracefully shutting down
2021/11/03 19:18:01 [notice] 28#28: exiting
2021/11/03 19:18:01 [notice] 28#28: exit
2021/11/03 19:18:01 [notice] 1#1: signal 17 (SIGCHLD) received from 27
2021/11/03 19:18:01 [notice] 1#1: worker process 25 exited with code 0
2021/11/03 19:18:01 [notice] 1#1: worker process 27 exited with code 0
2021/11/03 19:18:01 [notice] 1#1: signal 29 (SIGIO) received
2021/11/03 19:18:01 [notice] 1#1: signal 17 (SIGCHLD) received from 28
2021/11/03 19:18:01 [notice] 1#1: worker process 26 exited with code 0
2021/11/03 19:18:01 [notice] 1#1: worker process 28 exited with code 0
2021/11/03 19:18:01 [notice] 1#1: exit
2021/11/03 19:18:07 [notice] 1#1: using the "epoll" event method
2021/11/03 19:18:07 [notice] 1#1: nginx/1.21.3
2021/11/03 19:18:07 [notice] 1#1: built by gcc 8.3.0 (Debian 8.3.0-6) 
2021/11/03 19:18:07 [notice] 1#1: OS: Linux 5.11.0-38-generic
2021/11/03 19:18:07 [notice] 1#1: getrlimit(RLIMIT_NOFILE): 1048576:1048576
2021/11/03 19:18:07 [notice] 1#1: start worker processes
2021/11/03 19:18:07 [notice] 1#1: start worker process 24
2021/11/03 19:18:07 [notice] 1#1: start worker process 25
2021/11/03 19:18:07 [notice] 1#1: start worker process 26
2021/11/03 19:18:07 [notice] 1#1: start worker process 27
2021/11/03 19:18:24 [notice] 1#1: signal 3 (SIGQUIT) received, shutting down
2021/11/03 19:18:24 [notice] 24#24: gracefully shutting down
2021/11/03 19:18:24 [notice] 24#24: exiting
2021/11/03 19:18:24 [notice] 24#24: exit
2021/11/03 19:18:24 [notice] 27#27: gracefully shutting down
2021/11/03 19:18:24 [notice] 27#27: exiting
2021/11/03 19:18:24 [notice] 27#27: exit
2021/11/03 19:18:24 [notice] 25#25: gracefully shutting down
2021/11/03 19:18:24 [notice] 25#25: exiting
2021/11/03 19:18:24 [notice] 25#25: exit
2021/11/03 19:18:24 [notice] 26#26: gracefully shutting down
2021/11/03 19:18:24 [notice] 26#26: exiting
2021/11/03 19:18:24 [notice] 26#26: exit
2021/11/03 19:18:24 [notice] 1#1: signal 17 (SIGCHLD) received from 24
2021/11/03 19:18:24 [notice] 1#1: worker process 24 exited with code 0
2021/11/03 19:18:24 [notice] 1#1: signal 29 (SIGIO) received
2021/11/03 19:18:24 [notice] 1#1: signal 17 (SIGCHLD) received from 27
2021/11/03 19:18:24 [notice] 1#1: worker process 27 exited with code 0
2021/11/03 19:18:24 [notice] 1#1: signal 29 (SIGIO) received
2021/11/03 19:18:24 [notice] 1#1: signal 17 (SIGCHLD) received from 25
2021/11/03 19:18:24 [notice] 1#1: worker process 25 exited with code 0
2021/11/03 19:18:24 [notice] 1#1: signal 29 (SIGIO) received
2021/11/03 19:18:24 [notice] 1#1: signal 17 (SIGCHLD) received from 26
2021/11/03 19:18:24 [notice] 1#1: worker process 26 exited with code 0
2021/11/03 19:18:24 [notice] 1#1: exit
2021/11/03 19:18:33 [notice] 1#1: using the "epoll" event method
2021/11/03 19:18:33 [notice] 1#1: nginx/1.21.3
2021/11/03 19:18:33 [notice] 1#1: built by gcc 8.3.0 (Debian 8.3.0-6) 
2021/11/03 19:18:33 [notice] 1#1: OS: Linux 5.11.0-38-generic
2021/11/03 19:18:33 [notice] 1#1: getrlimit(RLIMIT_NOFILE): 1048576:1048576
2021/11/03 19:18:33 [notice] 1#1: start worker processes
2021/11/03 19:18:33 [notice] 1#1: start worker process 25
2021/11/03 19:18:33 [notice] 1#1: start worker process 26
2021/11/03 19:18:33 [notice] 1#1: start worker process 27
2021/11/03 19:18:33 [notice] 1#1: start worker process 28
2021/11/03 19:19:01 [notice] 1#1: signal 3 (SIGQUIT) received, shutting down
2021/11/03 19:19:01 [notice] 25#25: gracefully shutting down
2021/11/03 19:19:01 [notice] 26#26: gracefully shutting down
2021/11/03 19:19:01 [notice] 27#27: gracefully shutting down
2021/11/03 19:19:01 [notice] 25#25: exiting
2021/11/03 19:19:01 [notice] 26#26: exiting
2021/11/03 19:19:01 [notice] 27#27: exiting
2021/11/03 19:19:01 [notice] 26#26: exit
2021/11/03 19:19:01 [notice] 25#25: exit
2021/11/03 19:19:01 [notice] 27#27: exit
2021/11/03 19:19:01 [notice] 28#28: gracefully shutting down
2021/11/03 19:19:01 [notice] 28#28: exiting
2021/11/03 19:19:01 [notice] 28#28: exit
2021/11/03 19:19:01 [notice] 1#1: signal 17 (SIGCHLD) received from 26
2021/11/03 19:19:01 [notice] 1#1: worker process 26 exited with code 0
2021/11/03 19:19:01 [notice] 1#1: signal 29 (SIGIO) received
2021/11/03 19:19:01 [notice] 1#1: signal 17 (SIGCHLD) received from 25
2021/11/03 19:19:01 [notice] 1#1: worker process 25 exited with code 0
2021/11/03 19:19:01 [notice] 1#1: worker process 28 exited with code 0
2021/11/03 19:19:01 [notice] 1#1: signal 29 (SIGIO) received
2021/11/03 19:19:01 [notice] 1#1: signal 17 (SIGCHLD) received from 27
2021/11/03 19:19:01 [notice] 1#1: worker process 27 exited with code 0
2021/11/03 19:19:01 [notice] 1#1: exit
2021/11/03 19:19:08 [notice] 1#1: using the "epoll" event method
2021/11/03 19:19:08 [notice] 1#1: nginx/1.21.3
2021/11/03 19:19:08 [notice] 1#1: built by gcc 8.3.0 (Debian 8.3.0-6) 
2021/11/03 19:19:08 [notice] 1#1: OS: Linux 5.11.0-38-generic
2021/11/03 19:19:08 [notice] 1#1: getrlimit(RLIMIT_NOFILE): 1048576:1048576
2021/11/03 19:19:08 [notice] 1#1: start worker processes
2021/11/03 19:19:08 [notice] 1#1: start worker process 26
2021/11/03 19:19:08 [notice] 1#1: start worker process 27
2021/11/03 19:19:08 [notice] 1#1: start worker process 28
2021/11/03 19:19:08 [notice] 1#1: start worker process 29
2021/11/03 19:20:53 [notice] 1#1: signal 3 (SIGQUIT) received, shutting down
2021/11/03 19:20:53 [notice] 26#26: gracefully shutting down
2021/11/03 19:20:53 [notice] 27#27: gracefully shutting down
2021/11/03 19:20:53 [notice] 26#26: exiting
2021/11/03 19:20:53 [notice] 27#27: exiting
2021/11/03 19:20:53 [notice] 26#26: exit
2021/11/03 19:20:53 [notice] 27#27: exit
2021/11/03 19:20:53 [notice] 29#29: gracefully shutting down
2021/11/03 19:20:53 [notice] 29#29: exiting
2021/11/03 19:20:53 [notice] 29#29: exit
2021/11/03 19:20:53 [notice] 28#28: gracefully shutting down
2021/11/03 19:20:53 [notice] 28#28: exiting
2021/11/03 19:20:53 [notice] 28#28: exit
2021/11/03 19:20:53 [notice] 1#1: signal 17 (SIGCHLD) received from 29
2021/11/03 19:20:53 [notice] 1#1: worker process 27 exited with code 0
2021/11/03 19:20:53 [notice] 1#1: worker process 28 exited with code 0
2021/11/03 19:20:53 [notice] 1#1: worker process 29 exited with code 0
2021/11/03 19:20:53 [notice] 1#1: signal 29 (SIGIO) received
2021/11/03 19:20:53 [notice] 1#1: signal 17 (SIGCHLD) received from 28
2021/11/03 19:20:53 [notice] 1#1: signal 17 (SIGCHLD) received from 26
2021/11/03 19:20:53 [notice] 1#1: worker process 26 exited with code 0
2021/11/03 19:20:53 [notice] 1#1: exit
2021/11/03 19:21:00 [notice] 1#1: using the "epoll" event method
2021/11/03 19:21:00 [notice] 1#1: nginx/1.21.3
2021/11/03 19:21:00 [notice] 1#1: built by gcc 8.3.0 (Debian 8.3.0-6) 
2021/11/03 19:21:00 [notice] 1#1: OS: Linux 5.11.0-38-generic
2021/11/03 19:21:00 [notice] 1#1: getrlimit(RLIMIT_NOFILE): 1048576:1048576
2021/11/03 19:21:00 [notice] 1#1: start worker processes
2021/11/03 19:21:00 [notice] 1#1: start worker process 24
2021/11/03 19:21:00 [notice] 1#1: start worker process 25
2021/11/03 19:21:00 [notice] 1#1: start worker process 26
2021/11/03 19:21:00 [notice] 1#1: start worker process 27
2021/11/03 19:21:22 [notice] 1#1: signal 3 (SIGQUIT) received, shutting down
2021/11/03 19:21:22 [notice] 24#24: gracefully shutting down
2021/11/03 19:21:22 [notice] 24#24: exiting
2021/11/03 19:21:22 [notice] 24#24: exit
2021/11/03 19:21:22 [notice] 25#25: gracefully shutting down
2021/11/03 19:21:22 [notice] 25#25: exiting
2021/11/03 19:21:22 [notice] 25#25: exit
2021/11/03 19:21:22 [notice] 26#26: gracefully shutting down
2021/11/03 19:21:22 [notice] 26#26: exiting
2021/11/03 19:21:22 [notice] 26#26: exit
2021/11/03 19:21:22 [notice] 27#27: gracefully shutting down
2021/11/03 19:21:22 [notice] 27#27: exiting
2021/11/03 19:21:22 [notice] 27#27: exit
2021/11/03 19:21:22 [notice] 1#1: signal 17 (SIGCHLD) received from 24
2021/11/03 19:21:22 [notice] 1#1: worker process 24 exited with code 0
2021/11/03 19:21:22 [notice] 1#1: signal 29 (SIGIO) received
2021/11/03 19:21:22 [notice] 1#1: signal 17 (SIGCHLD) received from 27
2021/11/03 19:21:22 [notice] 1#1: worker process 27 exited with code 0
2021/11/03 19:21:22 [notice] 1#1: signal 29 (SIGIO) received
2021/11/03 19:21:22 [notice] 1#1: signal 17 (SIGCHLD) received from 26
2021/11/03 19:21:22 [notice] 1#1: worker process 26 exited with code 0
2021/11/03 19:21:22 [notice] 1#1: signal 29 (SIGIO) received
2021/11/03 19:21:22 [notice] 1#1: signal 17 (SIGCHLD) received from 25
2021/11/03 19:21:22 [notice] 1#1: worker process 25 exited with code 0
2021/11/03 19:21:22 [notice] 1#1: exit
2021/11/03 19:21:30 [notice] 1#1: using the "epoll" event method
2021/11/03 19:21:30 [notice] 1#1: nginx/1.21.3
2021/11/03 19:21:30 [notice] 1#1: built by gcc 8.3.0 (Debian 8.3.0-6) 
2021/11/03 19:21:30 [notice] 1#1: OS: Linux 5.11.0-38-generic
2021/11/03 19:21:30 [notice] 1#1: getrlimit(RLIMIT_NOFILE): 1048576:1048576
2021/11/03 19:21:30 [notice] 1#1: start worker processes
2021/11/03 19:21:30 [notice] 1#1: start worker process 24
2021/11/03 19:21:30 [notice] 1#1: start worker process 25
2021/11/03 19:21:30 [notice] 1#1: start worker process 26
2021/11/03 19:21:30 [notice] 1#1: start worker process 27
2021/11/03 19:22:31 [notice] 1#1: signal 3 (SIGQUIT) received, shutting down
2021/11/03 19:22:31 [notice] 24#24: gracefully shutting down
2021/11/03 19:22:31 [notice] 24#24: exiting
2021/11/03 19:22:31 [notice] 24#24: exit
2021/11/03 19:22:31 [notice] 27#27: gracefully shutting down
2021/11/03 19:22:31 [notice] 27#27: exiting
2021/11/03 19:22:31 [notice] 27#27: exit
2021/11/03 19:22:31 [notice] 25#25: gracefully shutting down
2021/11/03 19:22:31 [notice] 25#25: exiting
2021/11/03 19:22:31 [notice] 25#25: exit
2021/11/03 19:22:31 [notice] 26#26: gracefully shutting down
2021/11/03 19:22:31 [notice] 26#26: exiting
2021/11/03 19:22:31 [notice] 26#26: exit
2021/11/03 19:22:32 [notice] 1#1: signal 17 (SIGCHLD) received from 24
2021/11/03 19:22:32 [notice] 1#1: worker process 24 exited with code 0
2021/11/03 19:22:32 [notice] 1#1: signal 29 (SIGIO) received
2021/11/03 19:22:32 [notice] 1#1: signal 17 (SIGCHLD) received from 27
2021/11/03 19:22:32 [notice] 1#1: worker process 27 exited with code 0
2021/11/03 19:22:32 [notice] 1#1: signal 29 (SIGIO) received
2021/11/03 19:22:32 [notice] 1#1: signal 17 (SIGCHLD) received from 25
2021/11/03 19:22:32 [notice] 1#1: worker process 25 exited with code 0
2021/11/03 19:22:32 [notice] 1#1: signal 29 (SIGIO) received
2021/11/03 19:22:32 [notice] 1#1: signal 17 (SIGCHLD) received from 26
2021/11/03 19:22:32 [notice] 1#1: worker process 26 exited with code 0
2021/11/03 19:22:32 [notice] 1#1: exit
2021/11/03 19:22:44 [notice] 1#1: using the "epoll" event method
2021/11/03 19:22:44 [notice] 1#1: nginx/1.21.3
2021/11/03 19:22:44 [notice] 1#1: built by gcc 8.3.0 (Debian 8.3.0-6) 
2021/11/03 19:22:44 [notice] 1#1: OS: Linux 5.11.0-38-generic
2021/11/03 19:22:44 [notice] 1#1: getrlimit(RLIMIT_NOFILE): 1048576:1048576
2021/11/03 19:22:44 [notice] 1#1: start worker processes
2021/11/03 19:22:44 [notice] 1#1: start worker process 25
2021/11/03 19:22:44 [notice] 1#1: start worker process 26
2021/11/03 19:22:44 [notice] 1#1: start worker process 27
2021/11/03 19:22:44 [notice] 1#1: start worker process 28
2021/11/03 19:23:01 [notice] 1#1: signal 3 (SIGQUIT) received, shutting down
2021/11/03 19:23:01 [notice] 25#25: gracefully shutting down
2021/11/03 19:23:01 [notice] 26#26: gracefully shutting down
2021/11/03 19:23:01 [notice] 25#25: exiting
2021/11/03 19:23:01 [notice] 26#26: exiting
2021/11/03 19:23:01 [notice] 26#26: exit
2021/11/03 19:23:01 [notice] 25#25: exit
2021/11/03 19:23:01 [notice] 27#27: gracefully shutting down
2021/11/03 19:23:01 [notice] 27#27: exiting
2021/11/03 19:23:01 [notice] 27#27: exit
2021/11/03 19:23:01 [notice] 28#28: gracefully shutting down
2021/11/03 19:23:01 [notice] 28#28: exiting
2021/11/03 19:23:01 [notice] 28#28: exit
2021/11/03 19:23:01 [notice] 1#1: signal 17 (SIGCHLD) received from 26
2021/11/03 19:23:01 [notice] 1#1: worker process 26 exited with code 0
2021/11/03 19:23:01 [notice] 1#1: signal 29 (SIGIO) received
2021/11/03 19:23:01 [notice] 1#1: signal 17 (SIGCHLD) received from 27
2021/11/03 19:23:01 [notice] 1#1: worker process 27 exited with code 0
2021/11/03 19:23:01 [notice] 1#1: signal 29 (SIGIO) received
2021/11/03 19:23:01 [notice] 1#1: signal 17 (SIGCHLD) received from 28
2021/11/03 19:23:01 [notice] 1#1: worker process 28 exited with code 0
2021/11/03 19:23:01 [notice] 1#1: signal 29 (SIGIO) received
2021/11/03 19:23:01 [notice] 1#1: signal 17 (SIGCHLD) received from 25
2021/11/03 19:23:01 [notice] 1#1: worker process 25 exited with code 0
2021/11/03 19:23:01 [notice] 1#1: exit
2021/11/03 19:23:10 [notice] 1#1: using the "epoll" event method
2021/11/03 19:23:10 [notice] 1#1: nginx/1.21.3
2021/11/03 19:23:10 [notice] 1#1: built by gcc 8.3.0 (Debian 8.3.0-6) 
2021/11/03 19:23:10 [notice] 1#1: OS: Linux 5.11.0-38-generic
2021/11/03 19:23:10 [notice] 1#1: getrlimit(RLIMIT_NOFILE): 1048576:1048576
2021/11/03 19:23:10 [notice] 1#1: start worker processes
2021/11/03 19:23:10 [notice] 1#1: start worker process 25
2021/11/03 19:23:10 [notice] 1#1: start worker process 26
2021/11/03 19:23:10 [notice] 1#1: start worker process 27
2021/11/03 19:23:10 [notice] 1#1: start worker process 28
2021/11/03 19:24:19 [notice] 1#1: signal 3 (SIGQUIT) received, shutting down
2021/11/03 19:24:19 [notice] 25#25: gracefully shutting down
2021/11/03 19:24:19 [notice] 28#28: gracefully shutting down
2021/11/03 19:24:19 [notice] 25#25: exiting
2021/11/03 19:24:19 [notice] 28#28: exiting
2021/11/03 19:24:19 [notice] 25#25: exit
2021/11/03 19:24:19 [notice] 28#28: exit
2021/11/03 19:24:19 [notice] 27#27: gracefully shutting down
2021/11/03 19:24:19 [notice] 27#27: exiting
2021/11/03 19:24:19 [notice] 27#27: exit
2021/11/03 19:24:19 [notice] 26#26: gracefully shutting down
2021/11/03 19:24:19 [notice] 26#26: exiting
2021/11/03 19:24:19 [notice] 26#26: exit
2021/11/03 19:24:19 [notice] 1#1: signal 17 (SIGCHLD) received from 28
2021/11/03 19:24:19 [notice] 1#1: worker process 27 exited with code 0
2021/11/03 19:24:19 [notice] 1#1: worker process 28 exited with code 0
2021/11/03 19:24:19 [notice] 1#1: signal 29 (SIGIO) received
2021/11/03 19:24:19 [notice] 1#1: signal 17 (SIGCHLD) received from 25
2021/11/03 19:24:19 [notice] 1#1: worker process 25 exited with code 0
2021/11/03 19:24:19 [notice] 1#1: signal 29 (SIGIO) received
2021/11/03 19:24:19 [notice] 1#1: signal 17 (SIGCHLD) received from 26
2021/11/03 19:24:19 [notice] 1#1: worker process 26 exited with code 0
2021/11/03 19:24:19 [notice] 1#1: exit
2021/11/03 19:24:44 [notice] 1#1: using the "epoll" event method
2021/11/03 19:24:44 [notice] 1#1: nginx/1.21.3
2021/11/03 19:24:44 [notice] 1#1: built by gcc 8.3.0 (Debian 8.3.0-6) 
2021/11/03 19:24:44 [notice] 1#1: OS: Linux 5.11.0-38-generic
2021/11/03 19:24:44 [notice] 1#1: getrlimit(RLIMIT_NOFILE): 1048576:1048576
2021/11/03 19:24:44 [notice] 1#1: start worker processes
2021/11/03 19:24:44 [notice] 1#1: start worker process 24
2021/11/03 19:24:44 [notice] 1#1: start worker process 25
2021/11/03 19:24:44 [notice] 1#1: start worker process 26
2021/11/03 19:24:44 [notice] 1#1: start worker process 27
2021/11/03 19:26:39 [notice] 1#1: signal 3 (SIGQUIT) received, shutting down
2021/11/03 19:26:39 [notice] 26#26: gracefully shutting down
2021/11/03 19:26:39 [notice] 25#25: gracefully shutting down
2021/11/03 19:26:39 [notice] 26#26: exiting
2021/11/03 19:26:39 [notice] 25#25: exiting
2021/11/03 19:26:39 [notice] 26#26: exit
2021/11/03 19:26:39 [notice] 25#25: exit
2021/11/03 19:26:39 [notice] 27#27: gracefully shutting down
2021/11/03 19:26:39 [notice] 27#27: exiting
2021/11/03 19:26:39 [notice] 24#24: gracefully shutting down
2021/11/03 19:26:39 [notice] 24#24: exiting
2021/11/03 19:26:39 [notice] 27#27: exit
2021/11/03 19:26:39 [notice] 24#24: exit
2021/11/03 19:26:39 [notice] 1#1: signal 17 (SIGCHLD) received from 26
2021/11/03 19:26:39 [notice] 1#1: worker process 26 exited with code 0
2021/11/03 19:26:39 [notice] 1#1: signal 29 (SIGIO) received
2021/11/03 19:26:39 [notice] 1#1: signal 17 (SIGCHLD) received from 25
2021/11/03 19:26:39 [notice] 1#1: worker process 24 exited with code 0
2021/11/03 19:26:39 [notice] 1#1: worker process 25 exited with code 0
2021/11/03 19:26:39 [notice] 1#1: signal 29 (SIGIO) received
2021/11/03 19:26:39 [notice] 1#1: signal 17 (SIGCHLD) received from 24
2021/11/03 19:26:39 [notice] 1#1: signal 17 (SIGCHLD) received from 27
2021/11/03 19:26:39 [notice] 1#1: worker process 27 exited with code 0
2021/11/03 19:26:39 [notice] 1#1: exit
2021/11/03 19:26:48 [notice] 1#1: using the "epoll" event method
2021/11/03 19:26:48 [notice] 1#1: nginx/1.21.3
2021/11/03 19:26:48 [notice] 1#1: built by gcc 8.3.0 (Debian 8.3.0-6) 
2021/11/03 19:26:48 [notice] 1#1: OS: Linux 5.11.0-38-generic
2021/11/03 19:26:48 [notice] 1#1: getrlimit(RLIMIT_NOFILE): 1048576:1048576
2021/11/03 19:26:48 [notice] 1#1: start worker processes
2021/11/03 19:26:48 [notice] 1#1: start worker process 25
2021/11/03 19:26:48 [notice] 1#1: start worker process 26
2021/11/03 19:26:48 [notice] 1#1: start worker process 27
2021/11/03 19:26:48 [notice] 1#1: start worker process 28
2021/11/03 19:48:37 [notice] 1#1: signal 3 (SIGQUIT) received, shutting down
2021/11/03 19:48:37 [notice] 25#25: gracefully shutting down
2021/11/03 19:48:37 [notice] 26#26: gracefully shutting down
2021/11/03 19:48:37 [notice] 25#25: exiting
2021/11/03 19:48:37 [notice] 26#26: exiting
2021/11/03 19:48:37 [notice] 25#25: exit
2021/11/03 19:48:37 [notice] 26#26: exit
2021/11/03 19:48:37 [notice] 27#27: gracefully shutting down
2021/11/03 19:48:37 [notice] 27#27: exiting
2021/11/03 19:48:37 [notice] 27#27: exit
2021/11/03 19:48:37 [notice] 28#28: gracefully shutting down
2021/11/03 19:48:37 [notice] 28#28: exiting
2021/11/03 19:48:37 [notice] 28#28: exit
2021/11/03 19:48:37 [notice] 1#1: signal 17 (SIGCHLD) received from 27
2021/11/03 19:48:37 [notice] 1#1: worker process 25 exited with code 0
2021/11/03 19:48:37 [notice] 1#1: worker process 26 exited with code 0
2021/11/03 19:48:37 [notice] 1#1: worker process 27 exited with code 0
2021/11/03 19:48:37 [notice] 1#1: worker process 28 exited with code 0
2021/11/03 19:48:37 [notice] 1#1: exit
2021/11/03 19:54:09 [notice] 1#1: using the "epoll" event method
2021/11/03 19:54:09 [notice] 1#1: nginx/1.21.3
2021/11/03 19:54:09 [notice] 1#1: built by gcc 8.3.0 (Debian 8.3.0-6) 
2021/11/03 19:54:09 [notice] 1#1: OS: Linux 5.11.0-38-generic
2021/11/03 19:54:09 [notice] 1#1: getrlimit(RLIMIT_NOFILE): 1048576:1048576
2021/11/03 19:54:09 [notice] 1#1: start worker processes
2021/11/03 19:54:09 [notice] 1#1: start worker process 24
2021/11/03 19:54:09 [notice] 1#1: start worker process 25
2021/11/03 19:54:09 [notice] 1#1: start worker process 26
2021/11/03 19:54:09 [notice] 1#1: start worker process 27
2021/11/03 20:03:19 [notice] 1#1: signal 3 (SIGQUIT) received, shutting down
2021/11/03 20:03:19 [notice] 24#24: gracefully shutting down
2021/11/03 20:03:19 [notice] 25#25: gracefully shutting down
2021/11/03 20:03:19 [notice] 24#24: exiting
2021/11/03 20:03:19 [notice] 25#25: exiting
2021/11/03 20:03:19 [notice] 24#24: exit
2021/11/03 20:03:19 [notice] 25#25: exit
2021/11/03 20:03:19 [notice] 26#26: gracefully shutting down
2021/11/03 20:03:19 [notice] 26#26: exiting
2021/11/03 20:03:19 [notice] 26#26: exit
2021/11/03 20:03:19 [notice] 27#27: gracefully shutting down
2021/11/03 20:03:19 [notice] 27#27: exiting
2021/11/03 20:03:19 [notice] 27#27: exit
2021/11/03 20:03:19 [notice] 1#1: signal 17 (SIGCHLD) received from 24
2021/11/03 20:03:19 [notice] 1#1: worker process 24 exited with code 0
2021/11/03 20:03:19 [notice] 1#1: worker process 25 exited with code 0
2021/11/03 20:03:19 [notice] 1#1: worker process 26 exited with code 0
2021/11/03 20:03:19 [notice] 1#1: worker process 27 exited with code 0
2021/11/03 20:03:19 [notice] 1#1: exit
2021/11/03 20:06:25 [notice] 1#1: using the "epoll" event method
2021/11/03 20:06:25 [notice] 1#1: nginx/1.21.3
2021/11/03 20:06:25 [notice] 1#1: built by gcc 8.3.0 (Debian 8.3.0-6) 
2021/11/03 20:06:25 [notice] 1#1: OS: Linux 5.11.0-38-generic
2021/11/03 20:06:25 [notice] 1#1: getrlimit(RLIMIT_NOFILE): 1048576:1048576
2021/11/03 20:06:25 [notice] 1#1: start worker processes
2021/11/03 20:06:25 [notice] 1#1: start worker process 24
2021/11/03 20:06:25 [notice] 1#1: start worker process 25
2021/11/03 20:06:25 [notice] 1#1: start worker process 26
2021/11/03 20:06:25 [notice] 1#1: start worker process 27
2021/11/03 20:06:53 [notice] 1#1: signal 3 (SIGQUIT) received, shutting down
2021/11/03 20:06:53 [notice] 26#26: gracefully shutting down
2021/11/03 20:06:53 [notice] 25#25: gracefully shutting down
2021/11/03 20:06:53 [notice] 24#24: gracefully shutting down
2021/11/03 20:06:53 [notice] 27#27: gracefully shutting down
2021/11/03 20:06:53 [notice] 26#26: exiting
2021/11/03 20:06:53 [notice] 25#25: exiting
2021/11/03 20:06:53 [notice] 24#24: exiting
2021/11/03 20:06:53 [notice] 27#27: exiting
2021/11/03 20:06:53 [notice] 25#25: exit
2021/11/03 20:06:53 [notice] 26#26: exit
2021/11/03 20:06:53 [notice] 24#24: exit
2021/11/03 20:06:53 [notice] 27#27: exit
2021/11/03 20:06:53 [notice] 1#1: signal 17 (SIGCHLD) received from 25
2021/11/03 20:06:53 [notice] 1#1: worker process 25 exited with code 0
2021/11/03 20:06:53 [notice] 1#1: signal 29 (SIGIO) received
2021/11/03 20:06:53 [notice] 1#1: signal 17 (SIGCHLD) received from 24
2021/11/03 20:06:53 [notice] 1#1: worker process 24 exited with code 0
2021/11/03 20:06:53 [notice] 1#1: signal 29 (SIGIO) received
2021/11/03 20:06:53 [notice] 1#1: signal 17 (SIGCHLD) received from 27
2021/11/03 20:06:53 [notice] 1#1: worker process 27 exited with code 0
2021/11/03 20:06:53 [notice] 1#1: signal 29 (SIGIO) received
2021/11/03 20:06:53 [notice] 1#1: signal 17 (SIGCHLD) received from 26
2021/11/03 20:06:53 [notice] 1#1: worker process 26 exited with code 0
2021/11/03 20:06:53 [notice] 1#1: exit
2021/11/03 21:30:06 [notice] 1#1: using the "epoll" event method
2021/11/03 21:30:06 [notice] 1#1: nginx/1.21.3
2021/11/03 21:30:06 [notice] 1#1: built by gcc 8.3.0 (Debian 8.3.0-6) 
2021/11/03 21:30:06 [notice] 1#1: OS: Linux 5.11.0-38-generic
2021/11/03 21:30:06 [notice] 1#1: getrlimit(RLIMIT_NOFILE): 1048576:1048576
2021/11/03 21:30:06 [notice] 1#1: start worker processes
2021/11/03 21:30:06 [notice] 1#1: start worker process 25
2021/11/03 21:30:06 [notice] 1#1: start worker process 26
2021/11/03 21:30:06 [notice] 1#1: start worker process 27
2021/11/03 21:30:06 [notice] 1#1: start worker process 28
2021/11/03 21:49:14 [notice] 1#1: signal 3 (SIGQUIT) received, shutting down
2021/11/03 21:49:14 [notice] 25#25: gracefully shutting down
2021/11/03 21:49:14 [notice] 26#26: gracefully shutting down
2021/11/03 21:49:14 [notice] 25#25: exiting
2021/11/03 21:49:14 [notice] 26#26: exiting
2021/11/03 21:49:14 [notice] 25#25: exit
2021/11/03 21:49:14 [notice] 26#26: exit
2021/11/03 21:49:14 [notice] 28#28: gracefully shutting down
2021/11/03 21:49:14 [notice] 27#27: gracefully shutting down
2021/11/03 21:49:14 [notice] 28#28: exiting
2021/11/03 21:49:14 [notice] 27#27: exiting
2021/11/03 21:49:14 [notice] 28#28: exit
2021/11/03 21:49:14 [notice] 27#27: exit
2021/11/03 21:49:14 [notice] 1#1: signal 17 (SIGCHLD) received from 25
2021/11/03 21:49:14 [notice] 1#1: worker process 25 exited with code 0
2021/11/03 21:49:14 [notice] 1#1: signal 29 (SIGIO) received
2021/11/03 21:49:14 [notice] 1#1: signal 17 (SIGCHLD) received from 28
2021/11/03 21:49:14 [notice] 1#1: worker process 28 exited with code 0
2021/11/03 21:49:14 [notice] 1#1: signal 29 (SIGIO) received
2021/11/03 21:49:14 [notice] 1#1: signal 17 (SIGCHLD) received from 26
2021/11/03 21:49:14 [notice] 1#1: worker process 26 exited with code 0
2021/11/03 21:49:14 [notice] 1#1: signal 29 (SIGIO) received
2021/11/03 21:49:14 [notice] 1#1: signal 17 (SIGCHLD) received from 27
2021/11/03 21:49:14 [notice] 1#1: worker process 27 exited with code 0
2021/11/03 21:49:14 [notice] 1#1: exit
2021/11/03 21:50:02 [notice] 1#1: using the "epoll" event method
2021/11/03 21:50:02 [notice] 1#1: nginx/1.21.3
2021/11/03 21:50:02 [notice] 1#1: built by gcc 8.3.0 (Debian 8.3.0-6) 
2021/11/03 21:50:02 [notice] 1#1: OS: Linux 5.11.0-38-generic
2021/11/03 21:50:02 [notice] 1#1: getrlimit(RLIMIT_NOFILE): 1048576:1048576
2021/11/03 21:50:02 [notice] 1#1: start worker processes
2021/11/03 21:50:02 [notice] 1#1: start worker process 33
2021/11/03 21:50:02 [notice] 1#1: start worker process 34
2021/11/03 21:50:02 [notice] 1#1: start worker process 35
2021/11/03 21:50:02 [notice] 1#1: start worker process 36
2021/11/03 21:53:42 [notice] 1#1: signal 3 (SIGQUIT) received, shutting down
2021/11/03 21:53:42 [notice] 33#33: gracefully shutting down
2021/11/03 21:53:42 [notice] 33#33: exiting
2021/11/03 21:53:42 [notice] 34#34: gracefully shutting down
2021/11/03 21:53:42 [notice] 34#34: exiting
2021/11/03 21:53:42 [notice] 33#33: exit
2021/11/03 21:53:42 [notice] 34#34: exit
2021/11/03 21:53:42 [notice] 35#35: gracefully shutting down
2021/11/03 21:53:42 [notice] 35#35: exiting
2021/11/03 21:53:42 [notice] 35#35: exit
2021/11/03 21:53:42 [notice] 36#36: gracefully shutting down
2021/11/03 21:53:42 [notice] 36#36: exiting
2021/11/03 21:53:42 [notice] 36#36: exit
2021/11/03 21:53:42 [notice] 1#1: signal 17 (SIGCHLD) received from 34
2021/11/03 21:53:42 [notice] 1#1: worker process 34 exited with code 0
2021/11/03 21:53:42 [notice] 1#1: signal 29 (SIGIO) received
2021/11/03 21:53:42 [notice] 1#1: signal 17 (SIGCHLD) received from 35
2021/11/03 21:53:42 [notice] 1#1: worker process 35 exited with code 0
2021/11/03 21:53:42 [notice] 1#1: signal 29 (SIGIO) received
2021/11/03 21:53:42 [notice] 1#1: signal 17 (SIGCHLD) received from 33
2021/11/03 21:53:42 [notice] 1#1: worker process 33 exited with code 0
2021/11/03 21:53:42 [notice] 1#1: signal 29 (SIGIO) received
2021/11/03 21:53:42 [notice] 1#1: signal 17 (SIGCHLD) received from 36
2021/11/03 21:53:42 [notice] 1#1: worker process 36 exited with code 0
2021/11/03 21:53:42 [notice] 1#1: exit
2021/11/03 21:53:55 [notice] 1#1: using the "epoll" event method
2021/11/03 21:53:55 [notice] 1#1: nginx/1.21.3
2021/11/03 21:53:55 [notice] 1#1: built by gcc 8.3.0 (Debian 8.3.0-6) 
2021/11/03 21:53:55 [notice] 1#1: OS: Linux 5.11.0-38-generic
2021/11/03 21:53:55 [notice] 1#1: getrlimit(RLIMIT_NOFILE): 1048576:1048576
2021/11/03 21:53:55 [notice] 1#1: start worker processes
2021/11/03 21:53:55 [notice] 1#1: start worker process 31
2021/11/03 21:53:55 [notice] 1#1: start worker process 32
2021/11/03 21:53:55 [notice] 1#1: start worker process 33
2021/11/03 21:53:55 [notice] 1#1: start worker process 34
2021/11/03 21:54:20 [notice] 1#1: signal 3 (SIGQUIT) received, shutting down
2021/11/03 21:54:20 [notice] 33#33: gracefully shutting down
2021/11/03 21:54:20 [notice] 33#33: exiting
2021/11/03 21:54:20 [notice] 33#33: exit
2021/11/03 21:54:20 [notice] 32#32: gracefully shutting down
2021/11/03 21:54:20 [notice] 32#32: exiting
2021/11/03 21:54:20 [notice] 32#32: exit
2021/11/03 21:54:20 [notice] 31#31: gracefully shutting down
2021/11/03 21:54:20 [notice] 31#31: exiting
2021/11/03 21:54:20 [notice] 31#31: exit
2021/11/03 21:54:20 [notice] 34#34: gracefully shutting down
2021/11/03 21:54:20 [notice] 34#34: exiting
2021/11/03 21:54:20 [notice] 34#34: exit
2021/11/03 21:54:20 [notice] 1#1: signal 17 (SIGCHLD) received from 33
2021/11/03 21:54:20 [notice] 1#1: worker process 32 exited with code 0
2021/11/03 21:54:20 [notice] 1#1: worker process 33 exited with code 0
2021/11/03 21:54:20 [notice] 1#1: signal 29 (SIGIO) received
2021/11/03 21:54:20 [notice] 1#1: signal 17 (SIGCHLD) received from 32
2021/11/03 21:54:20 [notice] 1#1: signal 17 (SIGCHLD) received from 34
2021/11/03 21:54:20 [notice] 1#1: worker process 34 exited with code 0
2021/11/03 21:54:20 [notice] 1#1: signal 29 (SIGIO) received
2021/11/03 21:54:20 [notice] 1#1: signal 17 (SIGCHLD) received from 31
2021/11/03 21:54:20 [notice] 1#1: worker process 31 exited with code 0
2021/11/03 21:54:20 [notice] 1#1: exit
2021/11/03 21:54:31 [notice] 1#1: using the "epoll" event method
2021/11/03 21:54:31 [notice] 1#1: nginx/1.21.3
2021/11/03 21:54:31 [notice] 1#1: built by gcc 8.3.0 (Debian 8.3.0-6) 
2021/11/03 21:54:31 [notice] 1#1: OS: Linux 5.11.0-38-generic
2021/11/03 21:54:31 [notice] 1#1: getrlimit(RLIMIT_NOFILE): 1048576:1048576
2021/11/03 21:54:31 [notice] 1#1: start worker processes
2021/11/03 21:54:31 [notice] 1#1: start worker process 24
2021/11/03 21:54:31 [notice] 1#1: start worker process 25
2021/11/03 21:54:31 [notice] 1#1: start worker process 26
2021/11/03 21:54:31 [notice] 1#1: start worker process 27
2021/11/03 21:54:36 [notice] 1#1: signal 3 (SIGQUIT) received, shutting down
2021/11/03 21:54:36 [notice] 24#24: gracefully shutting down
2021/11/03 21:54:36 [notice] 25#25: gracefully shutting down
2021/11/03 21:54:36 [notice] 24#24: exiting
2021/11/03 21:54:36 [notice] 27#27: gracefully shutting down
2021/11/03 21:54:36 [notice] 25#25: exiting
2021/11/03 21:54:36 [notice] 27#27: exiting
2021/11/03 21:54:36 [notice] 24#24: exit
2021/11/03 21:54:36 [notice] 25#25: exit
2021/11/03 21:54:36 [notice] 27#27: exit
2021/11/03 21:54:36 [notice] 26#26: gracefully shutting down
2021/11/03 21:54:36 [notice] 26#26: exiting
2021/11/03 21:54:36 [notice] 26#26: exit
2021/11/03 21:54:36 [notice] 1#1: signal 17 (SIGCHLD) received from 27
2021/11/03 21:54:36 [notice] 1#1: worker process 27 exited with code 0
2021/11/03 21:54:36 [notice] 1#1: worker process 25 exited with code 0
2021/11/03 21:54:36 [notice] 1#1: signal 29 (SIGIO) received
2021/11/03 21:54:36 [notice] 1#1: signal 17 (SIGCHLD) received from 25
2021/11/03 21:54:36 [notice] 1#1: signal 17 (SIGCHLD) received from 26
2021/11/03 21:54:36 [notice] 1#1: worker process 26 exited with code 0
2021/11/03 21:54:36 [notice] 1#1: signal 29 (SIGIO) received
2021/11/03 21:54:36 [notice] 1#1: signal 17 (SIGCHLD) received from 24
2021/11/03 21:54:36 [notice] 1#1: worker process 24 exited with code 0
2021/11/03 21:54:36 [notice] 1#1: exit
2021/11/03 21:54:45 [notice] 1#1: using the "epoll" event method
2021/11/03 21:54:45 [notice] 1#1: nginx/1.21.3
2021/11/03 21:54:45 [notice] 1#1: built by gcc 8.3.0 (Debian 8.3.0-6) 
2021/11/03 21:54:45 [notice] 1#1: OS: Linux 5.11.0-38-generic
2021/11/03 21:54:45 [notice] 1#1: getrlimit(RLIMIT_NOFILE): 1048576:1048576
2021/11/03 21:54:45 [notice] 1#1: start worker processes
2021/11/03 21:54:45 [notice] 1#1: start worker process 31
2021/11/03 21:54:45 [notice] 1#1: start worker process 32
2021/11/03 21:54:45 [notice] 1#1: start worker process 33
2021/11/03 21:54:45 [notice] 1#1: start worker process 34
2021/11/03 21:55:22 [notice] 1#1: signal 3 (SIGQUIT) received, shutting down
2021/11/03 21:55:22 [notice] 32#32: gracefully shutting down
2021/11/03 21:55:22 [notice] 32#32: exiting
2021/11/03 21:55:22 [notice] 32#32: exit
2021/11/03 21:55:22 [notice] 31#31: gracefully shutting down
2021/11/03 21:55:22 [notice] 31#31: exiting
2021/11/03 21:55:22 [notice] 31#31: exit
2021/11/03 21:55:22 [notice] 33#33: gracefully shutting down
2021/11/03 21:55:22 [notice] 33#33: exiting
2021/11/03 21:55:22 [notice] 33#33: exit
2021/11/03 21:55:22 [notice] 34#34: gracefully shutting down
2021/11/03 21:55:22 [notice] 34#34: exiting
2021/11/03 21:55:22 [notice] 34#34: exit
2021/11/03 21:55:22 [notice] 1#1: signal 17 (SIGCHLD) received from 32
2021/11/03 21:55:22 [notice] 1#1: worker process 32 exited with code 0
2021/11/03 21:55:22 [notice] 1#1: signal 29 (SIGIO) received
2021/11/03 21:55:22 [notice] 1#1: signal 17 (SIGCHLD) received from 31
2021/11/03 21:55:22 [notice] 1#1: worker process 31 exited with code 0
2021/11/03 21:55:22 [notice] 1#1: signal 29 (SIGIO) received
2021/11/03 21:55:22 [notice] 1#1: signal 17 (SIGCHLD) received from 34
2021/11/03 21:55:22 [notice] 1#1: worker process 34 exited with code 0
2021/11/03 21:55:22 [notice] 1#1: signal 29 (SIGIO) received
2021/11/03 21:55:22 [notice] 1#1: signal 17 (SIGCHLD) received from 33
2021/11/03 21:55:22 [notice] 1#1: worker process 33 exited with code 0
2021/11/03 21:55:22 [notice] 1#1: exit
2021/11/03 21:56:07 [notice] 1#1: using the "epoll" event method
2021/11/03 21:56:07 [notice] 1#1: nginx/1.21.3
2021/11/03 21:56:07 [notice] 1#1: built by gcc 8.3.0 (Debian 8.3.0-6) 
2021/11/03 21:56:07 [notice] 1#1: OS: Linux 5.11.0-38-generic
2021/11/03 21:56:07 [notice] 1#1: getrlimit(RLIMIT_NOFILE): 1048576:1048576
2021/11/03 21:56:07 [notice] 1#1: start worker processes
2021/11/03 21:56:07 [notice] 1#1: start worker process 30
2021/11/03 21:56:07 [notice] 1#1: start worker process 31
2021/11/03 21:56:07 [notice] 1#1: start worker process 32
2021/11/03 21:56:07 [notice] 1#1: start worker process 33
2021/11/03 21:56:30 [notice] 1#1: signal 3 (SIGQUIT) received, shutting down
2021/11/03 21:56:30 [notice] 30#30: gracefully shutting down
2021/11/03 21:56:30 [notice] 33#33: gracefully shutting down
2021/11/03 21:56:30 [notice] 31#31: gracefully shutting down
2021/11/03 21:56:30 [notice] 30#30: exiting
2021/11/03 21:56:30 [notice] 33#33: exiting
2021/11/03 21:56:30 [notice] 31#31: exiting
2021/11/03 21:56:30 [notice] 33#33: exit
2021/11/03 21:56:30 [notice] 30#30: exit
2021/11/03 21:56:30 [notice] 31#31: exit
2021/11/03 21:56:30 [notice] 32#32: gracefully shutting down
2021/11/03 21:56:30 [notice] 32#32: exiting
2021/11/03 21:56:30 [notice] 32#32: exit
2021/11/03 21:56:30 [notice] 1#1: signal 17 (SIGCHLD) received from 31
2021/11/03 21:56:30 [notice] 1#1: worker process 30 exited with code 0
2021/11/03 21:56:30 [notice] 1#1: worker process 31 exited with code 0
2021/11/03 21:56:30 [notice] 1#1: signal 29 (SIGIO) received
2021/11/03 21:56:30 [notice] 1#1: signal 17 (SIGCHLD) received from 33
2021/11/03 21:56:30 [notice] 1#1: worker process 33 exited with code 0
2021/11/03 21:56:30 [notice] 1#1: signal 29 (SIGIO) received
2021/11/03 21:56:30 [notice] 1#1: signal 17 (SIGCHLD) received from 32
2021/11/03 21:56:30 [notice] 1#1: worker process 32 exited with code 0
2021/11/03 21:56:30 [notice] 1#1: exit
2021/11/03 21:56:39 [notice] 1#1: using the "epoll" event method
2021/11/03 21:56:39 [notice] 1#1: nginx/1.21.3
2021/11/03 21:56:39 [notice] 1#1: built by gcc 8.3.0 (Debian 8.3.0-6) 
2021/11/03 21:56:39 [notice] 1#1: OS: Linux 5.11.0-38-generic
2021/11/03 21:56:39 [notice] 1#1: getrlimit(RLIMIT_NOFILE): 1048576:1048576
2021/11/03 21:56:39 [notice] 1#1: start worker processes
2021/11/03 21:56:39 [notice] 1#1: start worker process 24
2021/11/03 21:56:39 [notice] 1#1: start worker process 25
2021/11/03 21:56:39 [notice] 1#1: start worker process 26
2021/11/03 21:56:39 [notice] 1#1: start worker process 27
2021/11/03 21:56:58 [notice] 1#1: signal 3 (SIGQUIT) received, shutting down
2021/11/03 21:56:58 [notice] 24#24: gracefully shutting down
2021/11/03 21:56:58 [notice] 27#27: gracefully shutting down
2021/11/03 21:56:58 [notice] 24#24: exiting
2021/11/03 21:56:58 [notice] 27#27: exiting
2021/11/03 21:56:58 [notice] 24#24: exit
2021/11/03 21:56:58 [notice] 27#27: exit
2021/11/03 21:56:58 [notice] 25#25: gracefully shutting down
2021/11/03 21:56:58 [notice] 25#25: exiting
2021/11/03 21:56:58 [notice] 25#25: exit
2021/11/03 21:56:58 [notice] 26#26: gracefully shutting down
2021/11/03 21:56:58 [notice] 26#26: exiting
2021/11/03 21:56:58 [notice] 26#26: exit
2021/11/03 21:56:58 [notice] 1#1: signal 17 (SIGCHLD) received from 25
2021/11/03 21:56:58 [notice] 1#1: worker process 25 exited with code 0
2021/11/03 21:56:58 [notice] 1#1: worker process 26 exited with code 0
2021/11/03 21:56:58 [notice] 1#1: worker process 27 exited with code 0
2021/11/03 21:56:58 [notice] 1#1: signal 29 (SIGIO) received
2021/11/03 21:56:58 [notice] 1#1: signal 17 (SIGCHLD) received from 27
2021/11/03 21:56:58 [notice] 1#1: signal 17 (SIGCHLD) received from 24
2021/11/03 21:56:58 [notice] 1#1: worker process 24 exited with code 0
2021/11/03 21:56:58 [notice] 1#1: exit
2021/11/03 21:57:31 [notice] 1#1: using the "epoll" event method
2021/11/03 21:57:31 [notice] 1#1: nginx/1.21.3
2021/11/03 21:57:31 [notice] 1#1: built by gcc 8.3.0 (Debian 8.3.0-6) 
2021/11/03 21:57:31 [notice] 1#1: OS: Linux 5.11.0-38-generic
2021/11/03 21:57:31 [notice] 1#1: getrlimit(RLIMIT_NOFILE): 1048576:1048576
2021/11/03 21:57:31 [notice] 1#1: start worker processes
2021/11/03 21:57:31 [notice] 1#1: start worker process 32
2021/11/03 21:57:31 [notice] 1#1: start worker process 33
2021/11/03 21:57:31 [notice] 1#1: start worker process 34
2021/11/03 21:57:31 [notice] 1#1: start worker process 35
2021/11/03 21:57:52 [notice] 1#1: signal 3 (SIGQUIT) received, shutting down
2021/11/03 21:57:52 [notice] 32#32: gracefully shutting down
2021/11/03 21:57:52 [notice] 34#34: gracefully shutting down
2021/11/03 21:57:52 [notice] 33#33: gracefully shutting down
2021/11/03 21:57:52 [notice] 32#32: exiting
2021/11/03 21:57:52 [notice] 34#34: exiting
2021/11/03 21:57:52 [notice] 33#33: exiting
2021/11/03 21:57:52 [notice] 32#32: exit
2021/11/03 21:57:52 [notice] 34#34: exit
2021/11/03 21:57:52 [notice] 33#33: exit
2021/11/03 21:57:52 [notice] 35#35: gracefully shutting down
2021/11/03 21:57:52 [notice] 35#35: exiting
2021/11/03 21:57:52 [notice] 35#35: exit
2021/11/03 21:57:52 [notice] 1#1: signal 17 (SIGCHLD) received from 32
2021/11/03 21:57:52 [notice] 1#1: worker process 32 exited with code 0
2021/11/03 21:57:52 [notice] 1#1: signal 29 (SIGIO) received
2021/11/03 21:57:52 [notice] 1#1: signal 17 (SIGCHLD) received from 35
2021/11/03 21:57:52 [notice] 1#1: worker process 35 exited with code 0
2021/11/03 21:57:52 [notice] 1#1: signal 29 (SIGIO) received
2021/11/03 21:57:52 [notice] 1#1: signal 17 (SIGCHLD) received from 34
2021/11/03 21:57:52 [notice] 1#1: worker process 34 exited with code 0
2021/11/03 21:57:52 [notice] 1#1: signal 29 (SIGIO) received
2021/11/03 21:57:52 [notice] 1#1: signal 17 (SIGCHLD) received from 33
2021/11/03 21:57:52 [notice] 1#1: worker process 33 exited with code 0
2021/11/03 21:57:52 [notice] 1#1: exit
2021/11/03 21:58:03 [notice] 1#1: using the "epoll" event method
2021/11/03 21:58:03 [notice] 1#1: nginx/1.21.3
2021/11/03 21:58:03 [notice] 1#1: built by gcc 8.3.0 (Debian 8.3.0-6) 
2021/11/03 21:58:03 [notice] 1#1: OS: Linux 5.11.0-38-generic
2021/11/03 21:58:03 [notice] 1#1: getrlimit(RLIMIT_NOFILE): 1048576:1048576
2021/11/03 21:58:03 [notice] 1#1: start worker processes
2021/11/03 21:58:03 [notice] 1#1: start worker process 31
2021/11/03 21:58:03 [notice] 1#1: start worker process 32
2021/11/03 21:58:03 [notice] 1#1: start worker process 33
2021/11/03 21:58:03 [notice] 1#1: start worker process 34
2021/11/03 21:58:24 [notice] 1#1: signal 3 (SIGQUIT) received, shutting down
2021/11/03 21:58:24 [notice] 31#31: gracefully shutting down
2021/11/03 21:58:24 [notice] 33#33: gracefully shutting down
2021/11/03 21:58:24 [notice] 31#31: exiting
2021/11/03 21:58:24 [notice] 33#33: exiting
2021/11/03 21:58:24 [notice] 31#31: exit
2021/11/03 21:58:24 [notice] 33#33: exit
2021/11/03 21:58:24 [notice] 32#32: gracefully shutting down
2021/11/03 21:58:24 [notice] 32#32: exiting
2021/11/03 21:58:24 [notice] 32#32: exit
2021/11/03 21:58:24 [notice] 34#34: gracefully shutting down
2021/11/03 21:58:24 [notice] 34#34: exiting
2021/11/03 21:58:24 [notice] 34#34: exit
2021/11/03 21:58:24 [notice] 1#1: signal 17 (SIGCHLD) received from 32
2021/11/03 21:58:24 [notice] 1#1: worker process 31 exited with code 0
2021/11/03 21:58:24 [notice] 1#1: worker process 32 exited with code 0
2021/11/03 21:58:24 [notice] 1#1: worker process 33 exited with code 0
2021/11/03 21:58:24 [notice] 1#1: signal 29 (SIGIO) received
2021/11/03 21:58:24 [notice] 1#1: signal 17 (SIGCHLD) received from 34
2021/11/03 21:58:24 [notice] 1#1: worker process 34 exited with code 0
2021/11/03 21:58:24 [notice] 1#1: exit
2021/11/03 21:58:57 [notice] 1#1: using the "epoll" event method
2021/11/03 21:58:57 [notice] 1#1: nginx/1.21.3
2021/11/03 21:58:57 [notice] 1#1: built by gcc 8.3.0 (Debian 8.3.0-6) 
2021/11/03 21:58:57 [notice] 1#1: OS: Linux 5.11.0-38-generic
2021/11/03 21:58:57 [notice] 1#1: getrlimit(RLIMIT_NOFILE): 1048576:1048576
2021/11/03 21:58:57 [notice] 1#1: start worker processes
2021/11/03 21:58:57 [notice] 1#1: start worker process 32
2021/11/03 21:58:57 [notice] 1#1: start worker process 33
2021/11/03 21:58:57 [notice] 1#1: start worker process 34
2021/11/03 21:58:57 [notice] 1#1: start worker process 35
2021/11/03 22:00:16 [notice] 1#1: signal 3 (SIGQUIT) received, shutting down
2021/11/03 22:00:16 [notice] 33#33: gracefully shutting down
2021/11/03 22:00:16 [notice] 35#35: gracefully shutting down
2021/11/03 22:00:16 [notice] 33#33: exiting
2021/11/03 22:00:16 [notice] 35#35: exiting
2021/11/03 22:00:16 [notice] 33#33: exit
2021/11/03 22:00:16 [notice] 35#35: exit
2021/11/03 22:00:16 [notice] 34#34: gracefully shutting down
2021/11/03 22:00:16 [notice] 34#34: exiting
2021/11/03 22:00:16 [notice] 34#34: exit
2021/11/03 22:00:16 [notice] 32#32: gracefully shutting down
2021/11/03 22:00:16 [notice] 32#32: exiting
2021/11/03 22:00:16 [notice] 32#32: exit
2021/11/03 22:00:16 [notice] 1#1: signal 17 (SIGCHLD) received from 35
2021/11/03 22:00:16 [notice] 1#1: worker process 35 exited with code 0
2021/11/03 22:00:16 [notice] 1#1: worker process 33 exited with code 0
2021/11/03 22:00:16 [notice] 1#1: signal 29 (SIGIO) received
2021/11/03 22:00:16 [notice] 1#1: signal 17 (SIGCHLD) received from 33
2021/11/03 22:00:16 [notice] 1#1: signal 17 (SIGCHLD) received from 34
2021/11/03 22:00:16 [notice] 1#1: worker process 34 exited with code 0
2021/11/03 22:00:16 [notice] 1#1: signal 29 (SIGIO) received
2021/11/03 22:00:16 [notice] 1#1: signal 17 (SIGCHLD) received from 32
2021/11/03 22:00:16 [notice] 1#1: worker process 32 exited with code 0
2021/11/03 22:00:16 [notice] 1#1: exit
2021/11/03 22:01:27 [notice] 1#1: using the "epoll" event method
2021/11/03 22:01:27 [notice] 1#1: nginx/1.21.3
2021/11/03 22:01:27 [notice] 1#1: built by gcc 8.3.0 (Debian 8.3.0-6) 
2021/11/03 22:01:27 [notice] 1#1: OS: Linux 5.11.0-38-generic
2021/11/03 22:01:27 [notice] 1#1: getrlimit(RLIMIT_NOFILE): 1048576:1048576
2021/11/03 22:01:27 [notice] 1#1: start worker processes
2021/11/03 22:01:27 [notice] 1#1: start worker process 31
2021/11/03 22:01:27 [notice] 1#1: start worker process 32
2021/11/03 22:01:27 [notice] 1#1: start worker process 33
2021/11/03 22:01:27 [notice] 1#1: start worker process 34
2021/11/03 22:02:15 [notice] 1#1: signal 3 (SIGQUIT) received, shutting down
2021/11/03 22:02:15 [notice] 31#31: gracefully shutting down
2021/11/03 22:02:15 [notice] 33#33: gracefully shutting down
2021/11/03 22:02:15 [notice] 31#31: exiting
2021/11/03 22:02:15 [notice] 33#33: exiting
2021/11/03 22:02:15 [notice] 31#31: exit
2021/11/03 22:02:15 [notice] 33#33: exit
2021/11/03 22:02:15 [notice] 32#32: gracefully shutting down
2021/11/03 22:02:15 [notice] 32#32: exiting
2021/11/03 22:02:15 [notice] 32#32: exit
2021/11/03 22:02:15 [notice] 34#34: gracefully shutting down
2021/11/03 22:02:15 [notice] 34#34: exiting
2021/11/03 22:02:15 [notice] 34#34: exit
2021/11/03 22:02:15 [notice] 1#1: signal 17 (SIGCHLD) received from 32
2021/11/03 22:02:15 [notice] 1#1: worker process 32 exited with code 0
2021/11/03 22:02:15 [notice] 1#1: signal 29 (SIGIO) received
2021/11/03 22:02:15 [notice] 1#1: signal 17 (SIGCHLD) received from 31
2021/11/03 22:02:15 [notice] 1#1: worker process 31 exited with code 0
2021/11/03 22:02:15 [notice] 1#1: signal 29 (SIGIO) received
2021/11/03 22:02:15 [notice] 1#1: signal 17 (SIGCHLD) received from 33
2021/11/03 22:02:15 [notice] 1#1: worker process 33 exited with code 0
2021/11/03 22:02:15 [notice] 1#1: worker process 34 exited with code 0
2021/11/03 22:02:15 [notice] 1#1: exit
2021/11/03 22:05:01 [notice] 1#1: using the "epoll" event method
2021/11/03 22:05:01 [notice] 1#1: nginx/1.21.3
2021/11/03 22:05:01 [notice] 1#1: built by gcc 8.3.0 (Debian 8.3.0-6) 
2021/11/03 22:05:01 [notice] 1#1: OS: Linux 5.11.0-38-generic
2021/11/03 22:05:01 [notice] 1#1: getrlimit(RLIMIT_NOFILE): 1048576:1048576
2021/11/03 22:05:01 [notice] 1#1: start worker processes
2021/11/03 22:05:01 [notice] 1#1: start worker process 31
2021/11/03 22:05:01 [notice] 1#1: start worker process 32
2021/11/03 22:05:01 [notice] 1#1: start worker process 33
2021/11/03 22:05:01 [notice] 1#1: start worker process 34
2021/11/03 22:06:13 [notice] 1#1: signal 3 (SIGQUIT) received, shutting down
2021/11/03 22:06:13 [notice] 33#33: gracefully shutting down
2021/11/03 22:06:13 [notice] 33#33: exiting
2021/11/03 22:06:13 [notice] 33#33: exit
2021/11/03 22:06:13 [notice] 34#34: gracefully shutting down
2021/11/03 22:06:13 [notice] 34#34: exiting
2021/11/03 22:06:13 [notice] 34#34: exit
2021/11/03 22:06:13 [notice] 31#31: gracefully shutting down
2021/11/03 22:06:13 [notice] 31#31: exiting
2021/11/03 22:06:13 [notice] 31#31: exit
2021/11/03 22:06:13 [notice] 32#32: gracefully shutting down
2021/11/03 22:06:13 [notice] 32#32: exiting
2021/11/03 22:06:13 [notice] 32#32: exit
2021/11/03 22:06:13 [notice] 1#1: signal 17 (SIGCHLD) received from 33
2021/11/03 22:06:13 [notice] 1#1: worker process 33 exited with code 0
2021/11/03 22:06:13 [notice] 1#1: signal 29 (SIGIO) received
2021/11/03 22:06:13 [notice] 1#1: signal 17 (SIGCHLD) received from 34
2021/11/03 22:06:13 [notice] 1#1: worker process 34 exited with code 0
2021/11/03 22:06:13 [notice] 1#1: signal 29 (SIGIO) received
2021/11/03 22:06:13 [notice] 1#1: signal 17 (SIGCHLD) received from 32
2021/11/03 22:06:13 [notice] 1#1: worker process 32 exited with code 0
2021/11/03 22:06:13 [notice] 1#1: signal 29 (SIGIO) received
2021/11/03 22:06:13 [notice] 1#1: signal 17 (SIGCHLD) received from 31
2021/11/03 22:06:13 [notice] 1#1: worker process 31 exited with code 0
2021/11/03 22:06:13 [notice] 1#1: exit
2021/11/03 22:06:53 [notice] 1#1: using the "epoll" event method
2021/11/03 22:06:53 [notice] 1#1: nginx/1.21.3
2021/11/03 22:06:53 [notice] 1#1: built by gcc 8.3.0 (Debian 8.3.0-6) 
2021/11/03 22:06:53 [notice] 1#1: OS: Linux 5.11.0-38-generic
2021/11/03 22:06:53 [notice] 1#1: getrlimit(RLIMIT_NOFILE): 1048576:1048576
2021/11/03 22:06:53 [notice] 1#1: start worker processes
2021/11/03 22:06:53 [notice] 1#1: start worker process 32
2021/11/03 22:06:53 [notice] 1#1: start worker process 33
2021/11/03 22:06:53 [notice] 1#1: start worker process 34
2021/11/03 22:06:53 [notice] 1#1: start worker process 35
2021/11/03 22:07:25 [notice] 1#1: signal 3 (SIGQUIT) received, shutting down
2021/11/03 22:07:25 [notice] 32#32: gracefully shutting down
2021/11/03 22:07:25 [notice] 35#35: gracefully shutting down
2021/11/03 22:07:25 [notice] 32#32: exiting
2021/11/03 22:07:25 [notice] 35#35: exiting
2021/11/03 22:07:25 [notice] 32#32: exit
2021/11/03 22:07:25 [notice] 35#35: exit
2021/11/03 22:07:25 [notice] 34#34: gracefully shutting down
2021/11/03 22:07:25 [notice] 34#34: exiting
2021/11/03 22:07:25 [notice] 33#33: gracefully shutting down
2021/11/03 22:07:25 [notice] 34#34: exit
2021/11/03 22:07:25 [notice] 33#33: exiting
2021/11/03 22:07:25 [notice] 33#33: exit
2021/11/03 22:07:25 [notice] 1#1: signal 17 (SIGCHLD) received from 32
2021/11/03 22:07:25 [notice] 1#1: worker process 32 exited with code 0
2021/11/03 22:07:25 [notice] 1#1: worker process 35 exited with code 0
2021/11/03 22:07:25 [notice] 1#1: signal 29 (SIGIO) received
2021/11/03 22:07:25 [notice] 1#1: signal 17 (SIGCHLD) received from 34
2021/11/03 22:07:25 [notice] 1#1: worker process 34 exited with code 0
2021/11/03 22:07:25 [notice] 1#1: signal 29 (SIGIO) received
2021/11/03 22:07:25 [notice] 1#1: signal 17 (SIGCHLD) received from 33
2021/11/03 22:07:25 [notice] 1#1: worker process 33 exited with code 0
2021/11/03 22:07:25 [notice] 1#1: exit
2021/11/03 22:07:42 [notice] 1#1: using the "epoll" event method
2021/11/03 22:07:42 [notice] 1#1: nginx/1.21.3
2021/11/03 22:07:42 [notice] 1#1: built by gcc 8.3.0 (Debian 8.3.0-6) 
2021/11/03 22:07:42 [notice] 1#1: OS: Linux 5.11.0-38-generic
2021/11/03 22:07:42 [notice] 1#1: getrlimit(RLIMIT_NOFILE): 1048576:1048576
2021/11/03 22:07:42 [notice] 1#1: start worker processes
2021/11/03 22:07:42 [notice] 1#1: start worker process 31
2021/11/03 22:07:42 [notice] 1#1: start worker process 32
2021/11/03 22:07:42 [notice] 1#1: start worker process 33
2021/11/03 22:07:42 [notice] 1#1: start worker process 34
2021/11/03 22:07:47 [notice] 1#1: signal 3 (SIGQUIT) received, shutting down
2021/11/03 22:07:47 [notice] 34#34: gracefully shutting down
2021/11/03 22:07:47 [notice] 32#32: gracefully shutting down
2021/11/03 22:07:47 [notice] 34#34: exiting
2021/11/03 22:07:47 [notice] 32#32: exiting
2021/11/03 22:07:47 [notice] 34#34: exit
2021/11/03 22:07:47 [notice] 32#32: exit
2021/11/03 22:07:47 [notice] 31#31: gracefully shutting down
2021/11/03 22:07:47 [notice] 31#31: exiting
2021/11/03 22:07:47 [notice] 31#31: exit
2021/11/03 22:07:47 [notice] 33#33: gracefully shutting down
2021/11/03 22:07:47 [notice] 33#33: exiting
2021/11/03 22:07:47 [notice] 33#33: exit
2021/11/03 22:07:47 [notice] 1#1: signal 17 (SIGCHLD) received from 34
2021/11/03 22:07:47 [notice] 1#1: worker process 32 exited with code 0
2021/11/03 22:07:47 [notice] 1#1: worker process 34 exited with code 0
2021/11/03 22:07:47 [notice] 1#1: signal 29 (SIGIO) received
2021/11/03 22:07:47 [notice] 1#1: signal 17 (SIGCHLD) received from 31
2021/11/03 22:07:47 [notice] 1#1: worker process 31 exited with code 0
2021/11/03 22:07:47 [notice] 1#1: signal 29 (SIGIO) received
2021/11/03 22:07:47 [notice] 1#1: signal 17 (SIGCHLD) received from 33
2021/11/03 22:07:47 [notice] 1#1: worker process 33 exited with code 0
2021/11/03 22:07:47 [notice] 1#1: exit
2021/11/03 22:11:28 [notice] 1#1: using the "epoll" event method
2021/11/03 22:11:28 [notice] 1#1: nginx/1.21.3
2021/11/03 22:11:28 [notice] 1#1: built by gcc 8.3.0 (Debian 8.3.0-6) 
2021/11/03 22:11:28 [notice] 1#1: OS: Linux 5.11.0-38-generic
2021/11/03 22:11:28 [notice] 1#1: getrlimit(RLIMIT_NOFILE): 1048576:1048576
2021/11/03 22:11:28 [notice] 1#1: start worker processes
2021/11/03 22:11:28 [notice] 1#1: start worker process 26
2021/11/03 22:11:28 [notice] 1#1: start worker process 27
2021/11/03 22:11:28 [notice] 1#1: start worker process 28
2021/11/03 22:11:28 [notice] 1#1: start worker process 29
2021/11/03 22:12:30 [notice] 1#1: signal 3 (SIGQUIT) received, shutting down
2021/11/03 22:12:30 [notice] 27#27: gracefully shutting down
2021/11/03 22:12:30 [notice] 26#26: gracefully shutting down
2021/11/03 22:12:30 [notice] 29#29: gracefully shutting down
2021/11/03 22:12:30 [notice] 27#27: exiting
2021/11/03 22:12:30 [notice] 26#26: exiting
2021/11/03 22:12:30 [notice] 29#29: exiting
2021/11/03 22:12:30 [notice] 26#26: exit
2021/11/03 22:12:30 [notice] 27#27: exit
2021/11/03 22:12:30 [notice] 29#29: exit
2021/11/03 22:12:30 [notice] 28#28: gracefully shutting down
2021/11/03 22:12:30 [notice] 28#28: exiting
2021/11/03 22:12:30 [notice] 28#28: exit
2021/11/03 22:12:30 [notice] 1#1: signal 17 (SIGCHLD) received from 27
2021/11/03 22:12:30 [notice] 1#1: worker process 27 exited with code 0
2021/11/03 22:12:30 [notice] 1#1: signal 29 (SIGIO) received
2021/11/03 22:12:30 [notice] 1#1: signal 17 (SIGCHLD) received from 29
2021/11/03 22:12:30 [notice] 1#1: worker process 28 exited with code 0
2021/11/03 22:12:30 [notice] 1#1: worker process 29 exited with code 0
2021/11/03 22:12:30 [notice] 1#1: signal 29 (SIGIO) received
2021/11/03 22:12:30 [notice] 1#1: signal 17 (SIGCHLD) received from 26
2021/11/03 22:12:30 [notice] 1#1: worker process 26 exited with code 0
2021/11/03 22:12:30 [notice] 1#1: exit
2021/11/03 22:13:44 [notice] 1#1: using the "epoll" event method
2021/11/03 22:13:44 [notice] 1#1: nginx/1.21.3
2021/11/03 22:13:44 [notice] 1#1: built by gcc 8.3.0 (Debian 8.3.0-6) 
2021/11/03 22:13:44 [notice] 1#1: OS: Linux 5.11.0-38-generic
2021/11/03 22:13:44 [notice] 1#1: getrlimit(RLIMIT_NOFILE): 1048576:1048576
2021/11/03 22:13:44 [notice] 1#1: start worker processes
2021/11/03 22:13:44 [notice] 1#1: start worker process 31
2021/11/03 22:13:44 [notice] 1#1: start worker process 32
2021/11/03 22:13:44 [notice] 1#1: start worker process 33
2021/11/03 22:13:44 [notice] 1#1: start worker process 34
2021/11/03 22:22:16 [notice] 1#1: signal 3 (SIGQUIT) received, shutting down
2021/11/03 22:22:16 [notice] 32#32: gracefully shutting down
2021/11/03 22:22:16 [notice] 31#31: gracefully shutting down
2021/11/03 22:22:16 [notice] 33#33: gracefully shutting down
2021/11/03 22:22:16 [notice] 34#34: gracefully shutting down
2021/11/03 22:22:16 [notice] 32#32: exiting
2021/11/03 22:22:16 [notice] 31#31: exiting
2021/11/03 22:22:16 [notice] 33#33: exiting
2021/11/03 22:22:16 [notice] 34#34: exiting
2021/11/03 22:22:16 [notice] 32#32: exit
2021/11/03 22:22:16 [notice] 31#31: exit
2021/11/03 22:22:16 [notice] 33#33: exit
2021/11/03 22:22:16 [notice] 34#34: exit
2021/11/03 22:22:16 [notice] 1#1: signal 17 (SIGCHLD) received from 33
2021/11/03 22:22:16 [notice] 1#1: worker process 33 exited with code 0
2021/11/03 22:22:16 [notice] 1#1: signal 29 (SIGIO) received
2021/11/03 22:22:16 [notice] 1#1: signal 17 (SIGCHLD) received from 32
2021/11/03 22:22:16 [notice] 1#1: worker process 32 exited with code 0
2021/11/03 22:22:16 [notice] 1#1: signal 29 (SIGIO) received
2021/11/03 22:22:16 [notice] 1#1: signal 17 (SIGCHLD) received from 31
2021/11/03 22:22:16 [notice] 1#1: worker process 31 exited with code 0
2021/11/03 22:22:16 [notice] 1#1: signal 29 (SIGIO) received
2021/11/03 22:22:16 [notice] 1#1: signal 17 (SIGCHLD) received from 34
2021/11/03 22:22:16 [notice] 1#1: worker process 34 exited with code 0
2021/11/03 22:22:16 [notice] 1#1: exit
2021/11/03 22:23:43 [notice] 1#1: using the "epoll" event method
2021/11/03 22:23:43 [notice] 1#1: nginx/1.21.3
2021/11/03 22:23:43 [notice] 1#1: built by gcc 8.3.0 (Debian 8.3.0-6) 
2021/11/03 22:23:43 [notice] 1#1: OS: Linux 5.11.0-38-generic
2021/11/03 22:23:43 [notice] 1#1: getrlimit(RLIMIT_NOFILE): 1048576:1048576
2021/11/03 22:23:43 [notice] 1#1: start worker processes
2021/11/03 22:23:43 [notice] 1#1: start worker process 26
2021/11/03 22:23:43 [notice] 1#1: start worker process 27
2021/11/03 22:23:43 [notice] 1#1: start worker process 28
2021/11/03 22:23:43 [notice] 1#1: start worker process 29
2021/11/03 22:24:19 [notice] 1#1: signal 3 (SIGQUIT) received, shutting down
2021/11/03 22:24:19 [notice] 29#29: gracefully shutting down
2021/11/03 22:24:19 [notice] 29#29: exiting
2021/11/03 22:24:19 [notice] 29#29: exit
2021/11/03 22:24:19 [notice] 28#28: gracefully shutting down
2021/11/03 22:24:19 [notice] 28#28: exiting
2021/11/03 22:24:19 [notice] 28#28: exit
2021/11/03 22:24:19 [notice] 26#26: gracefully shutting down
2021/11/03 22:24:19 [notice] 26#26: exiting
2021/11/03 22:24:19 [notice] 26#26: exit
2021/11/03 22:24:19 [notice] 27#27: gracefully shutting down
2021/11/03 22:24:19 [notice] 27#27: exiting
2021/11/03 22:24:19 [notice] 27#27: exit
2021/11/03 22:24:19 [notice] 1#1: signal 17 (SIGCHLD) received from 29
2021/11/03 22:24:19 [notice] 1#1: worker process 29 exited with code 0
2021/11/03 22:24:19 [notice] 1#1: signal 29 (SIGIO) received
2021/11/03 22:24:19 [notice] 1#1: signal 17 (SIGCHLD) received from 28
2021/11/03 22:24:19 [notice] 1#1: worker process 28 exited with code 0
2021/11/03 22:24:19 [notice] 1#1: signal 29 (SIGIO) received
2021/11/03 22:24:19 [notice] 1#1: signal 17 (SIGCHLD) received from 26
2021/11/03 22:24:19 [notice] 1#1: worker process 26 exited with code 0
2021/11/03 22:24:19 [notice] 1#1: signal 29 (SIGIO) received
2021/11/03 22:24:19 [notice] 1#1: signal 17 (SIGCHLD) received from 27
2021/11/03 22:24:19 [notice] 1#1: worker process 27 exited with code 0
2021/11/03 22:24:19 [notice] 1#1: exit
2021/11/03 22:24:36 [notice] 1#1: using the "epoll" event method
2021/11/03 22:24:36 [notice] 1#1: nginx/1.21.3
2021/11/03 22:24:36 [notice] 1#1: built by gcc 8.3.0 (Debian 8.3.0-6) 
2021/11/03 22:24:36 [notice] 1#1: OS: Linux 5.11.0-38-generic
2021/11/03 22:24:36 [notice] 1#1: getrlimit(RLIMIT_NOFILE): 1048576:1048576
2021/11/03 22:24:36 [notice] 1#1: start worker processes
2021/11/03 22:24:36 [notice] 1#1: start worker process 24
2021/11/03 22:24:36 [notice] 1#1: start worker process 25
2021/11/03 22:24:36 [notice] 1#1: start worker process 26
2021/11/03 22:24:36 [notice] 1#1: start worker process 27
2021/11/03 22:24:46 [notice] 1#1: signal 3 (SIGQUIT) received, shutting down
2021/11/03 22:24:46 [notice] 24#24: gracefully shutting down
2021/11/03 22:24:46 [notice] 26#26: gracefully shutting down
2021/11/03 22:24:46 [notice] 24#24: exiting
2021/11/03 22:24:46 [notice] 26#26: exiting
2021/11/03 22:24:46 [notice] 24#24: exit
2021/11/03 22:24:46 [notice] 26#26: exit
2021/11/03 22:24:46 [notice] 27#27: gracefully shutting down
2021/11/03 22:24:46 [notice] 27#27: exiting
2021/11/03 22:24:46 [notice] 27#27: exit
2021/11/03 22:24:46 [notice] 25#25: gracefully shutting down
2021/11/03 22:24:46 [notice] 25#25: exiting
2021/11/03 22:24:46 [notice] 25#25: exit
2021/11/03 22:24:46 [notice] 1#1: signal 17 (SIGCHLD) received from 26
2021/11/03 22:24:46 [notice] 1#1: worker process 26 exited with code 0
2021/11/03 22:24:46 [notice] 1#1: worker process 24 exited with code 0
2021/11/03 22:24:46 [notice] 1#1: signal 29 (SIGIO) received
2021/11/03 22:24:46 [notice] 1#1: signal 17 (SIGCHLD) received from 24
2021/11/03 22:24:46 [notice] 1#1: signal 17 (SIGCHLD) received from 27
2021/11/03 22:24:46 [notice] 1#1: worker process 27 exited with code 0
2021/11/03 22:24:46 [notice] 1#1: signal 29 (SIGIO) received
2021/11/03 22:24:46 [notice] 1#1: signal 17 (SIGCHLD) received from 25
2021/11/03 22:24:46 [notice] 1#1: worker process 25 exited with code 0
2021/11/03 22:24:46 [notice] 1#1: exit
2021/11/03 22:25:22 [notice] 1#1: using the "epoll" event method
2021/11/03 22:25:22 [notice] 1#1: nginx/1.21.3
2021/11/03 22:25:22 [notice] 1#1: built by gcc 8.3.0 (Debian 8.3.0-6) 
2021/11/03 22:25:22 [notice] 1#1: OS: Linux 5.11.0-38-generic
2021/11/03 22:25:22 [notice] 1#1: getrlimit(RLIMIT_NOFILE): 1048576:1048576
2021/11/03 22:25:22 [notice] 1#1: start worker processes
2021/11/03 22:25:22 [notice] 1#1: start worker process 31
2021/11/03 22:25:22 [notice] 1#1: start worker process 32
2021/11/03 22:25:22 [notice] 1#1: start worker process 33
2021/11/03 22:25:22 [notice] 1#1: start worker process 34
2021/11/03 22:25:29 [notice] 1#1: signal 3 (SIGQUIT) received, shutting down
2021/11/03 22:25:29 [notice] 31#31: gracefully shutting down
2021/11/03 22:25:29 [notice] 32#32: gracefully shutting down
2021/11/03 22:25:29 [notice] 33#33: gracefully shutting down
2021/11/03 22:25:29 [notice] 31#31: exiting
2021/11/03 22:25:29 [notice] 32#32: exiting
2021/11/03 22:25:29 [notice] 33#33: exiting
2021/11/03 22:25:29 [notice] 31#31: exit
2021/11/03 22:25:29 [notice] 32#32: exit
2021/11/03 22:25:29 [notice] 33#33: exit
2021/11/03 22:25:29 [notice] 34#34: gracefully shutting down
2021/11/03 22:25:29 [notice] 34#34: exiting
2021/11/03 22:25:29 [notice] 34#34: exit
2021/11/03 22:25:29 [notice] 1#1: signal 17 (SIGCHLD) received from 33
2021/11/03 22:25:29 [notice] 1#1: worker process 33 exited with code 0
2021/11/03 22:25:29 [notice] 1#1: signal 29 (SIGIO) received
2021/11/03 22:25:29 [notice] 1#1: signal 17 (SIGCHLD) received from 32
2021/11/03 22:25:29 [notice] 1#1: worker process 32 exited with code 0
2021/11/03 22:25:29 [notice] 1#1: signal 29 (SIGIO) received
2021/11/03 22:25:29 [notice] 1#1: signal 17 (SIGCHLD) received from 34
2021/11/03 22:25:29 [notice] 1#1: worker process 34 exited with code 0
2021/11/03 22:25:29 [notice] 1#1: signal 29 (SIGIO) received
2021/11/03 22:25:29 [notice] 1#1: signal 17 (SIGCHLD) received from 31
2021/11/03 22:25:29 [notice] 1#1: worker process 31 exited with code 0
2021/11/03 22:25:29 [notice] 1#1: exit
2021/11/03 22:26:29 [notice] 1#1: using the "epoll" event method
2021/11/03 22:26:29 [notice] 1#1: nginx/1.21.3
2021/11/03 22:26:29 [notice] 1#1: built by gcc 8.3.0 (Debian 8.3.0-6) 
2021/11/03 22:26:29 [notice] 1#1: OS: Linux 5.11.0-38-generic
2021/11/03 22:26:29 [notice] 1#1: getrlimit(RLIMIT_NOFILE): 1048576:1048576
2021/11/03 22:26:29 [notice] 1#1: start worker processes
2021/11/03 22:26:29 [notice] 1#1: start worker process 25
2021/11/03 22:26:29 [notice] 1#1: start worker process 26
2021/11/03 22:26:29 [notice] 1#1: start worker process 27
2021/11/03 22:26:29 [notice] 1#1: start worker process 28
2021/11/03 22:26:33 [notice] 1#1: signal 3 (SIGQUIT) received, shutting down
2021/11/03 22:26:33 [notice] 26#26: gracefully shutting down
2021/11/03 22:26:33 [notice] 25#25: gracefully shutting down
2021/11/03 22:26:33 [notice] 26#26: exiting
2021/11/03 22:26:33 [notice] 25#25: exiting
2021/11/03 22:26:33 [notice] 26#26: exit
2021/11/03 22:26:33 [notice] 25#25: exit
2021/11/03 22:26:33 [notice] 27#27: gracefully shutting down
2021/11/03 22:26:33 [notice] 28#28: gracefully shutting down
2021/11/03 22:26:33 [notice] 27#27: exiting
2021/11/03 22:26:33 [notice] 28#28: exiting
2021/11/03 22:26:33 [notice] 27#27: exit
2021/11/03 22:26:33 [notice] 28#28: exit
2021/11/03 22:26:33 [notice] 1#1: signal 17 (SIGCHLD) received from 25
2021/11/03 22:26:33 [notice] 1#1: worker process 25 exited with code 0
2021/11/03 22:26:33 [notice] 1#1: signal 29 (SIGIO) received
2021/11/03 22:26:33 [notice] 1#1: signal 17 (SIGCHLD) received from 26
2021/11/03 22:26:33 [notice] 1#1: worker process 26 exited with code 0
2021/11/03 22:26:33 [notice] 1#1: signal 29 (SIGIO) received
2021/11/03 22:26:33 [notice] 1#1: signal 17 (SIGCHLD) received from 28
2021/11/03 22:26:33 [notice] 1#1: worker process 28 exited with code 0
2021/11/03 22:26:33 [notice] 1#1: signal 29 (SIGIO) received
2021/11/03 22:26:33 [notice] 1#1: signal 17 (SIGCHLD) received from 27
2021/11/03 22:26:33 [notice] 1#1: worker process 27 exited with code 0
2021/11/03 22:26:33 [notice] 1#1: exit
2021/11/03 22:27:49 [notice] 1#1: using the "epoll" event method
2021/11/03 22:27:49 [notice] 1#1: nginx/1.21.3
2021/11/03 22:27:49 [notice] 1#1: built by gcc 8.3.0 (Debian 8.3.0-6) 
2021/11/03 22:27:49 [notice] 1#1: OS: Linux 5.11.0-38-generic
2021/11/03 22:27:49 [notice] 1#1: getrlimit(RLIMIT_NOFILE): 1048576:1048576
2021/11/03 22:27:49 [notice] 1#1: start worker processes
2021/11/03 22:27:49 [notice] 1#1: start worker process 24
2021/11/03 22:27:49 [notice] 1#1: start worker process 25
2021/11/03 22:27:49 [notice] 1#1: start worker process 26
2021/11/03 22:27:49 [notice] 1#1: start worker process 27
2021/11/03 22:28:37 [notice] 1#1: signal 3 (SIGQUIT) received, shutting down
2021/11/03 22:28:37 [notice] 25#25: gracefully shutting down
2021/11/03 22:28:37 [notice] 27#27: gracefully shutting down
2021/11/03 22:28:37 [notice] 24#24: gracefully shutting down
2021/11/03 22:28:37 [notice] 25#25: exiting
2021/11/03 22:28:37 [notice] 27#27: exiting
2021/11/03 22:28:37 [notice] 24#24: exiting
2021/11/03 22:28:37 [notice] 25#25: exit
2021/11/03 22:28:37 [notice] 27#27: exit
2021/11/03 22:28:37 [notice] 24#24: exit
2021/11/03 22:28:37 [notice] 26#26: gracefully shutting down
2021/11/03 22:28:37 [notice] 26#26: exiting
2021/11/03 22:28:37 [notice] 26#26: exit
2021/11/03 22:28:37 [notice] 1#1: signal 17 (SIGCHLD) received from 25
2021/11/03 22:28:37 [notice] 1#1: worker process 25 exited with code 0
2021/11/03 22:28:37 [notice] 1#1: signal 29 (SIGIO) received
2021/11/03 22:28:37 [notice] 1#1: signal 17 (SIGCHLD) received from 27
2021/11/03 22:28:37 [notice] 1#1: worker process 27 exited with code 0
2021/11/03 22:28:37 [notice] 1#1: signal 29 (SIGIO) received
2021/11/03 22:28:37 [notice] 1#1: signal 17 (SIGCHLD) received from 26
2021/11/03 22:28:37 [notice] 1#1: worker process 26 exited with code 0
2021/11/03 22:28:37 [notice] 1#1: signal 29 (SIGIO) received
2021/11/03 22:28:37 [notice] 1#1: signal 17 (SIGCHLD) received from 24
2021/11/03 22:28:37 [notice] 1#1: worker process 24 exited with code 0
2021/11/03 22:28:37 [notice] 1#1: exit
2021/11/03 22:28:44 [notice] 1#1: using the "epoll" event method
2021/11/03 22:28:44 [notice] 1#1: nginx/1.21.3
2021/11/03 22:28:44 [notice] 1#1: built by gcc 8.3.0 (Debian 8.3.0-6) 
2021/11/03 22:28:44 [notice] 1#1: OS: Linux 5.11.0-38-generic
2021/11/03 22:28:44 [notice] 1#1: getrlimit(RLIMIT_NOFILE): 1048576:1048576
2021/11/03 22:28:44 [notice] 1#1: start worker processes
2021/11/03 22:28:44 [notice] 1#1: start worker process 24
2021/11/03 22:28:44 [notice] 1#1: start worker process 25
2021/11/03 22:28:44 [notice] 1#1: start worker process 26
2021/11/03 22:28:44 [notice] 1#1: start worker process 27
2021/11/03 22:54:01 [notice] 1#1: signal 3 (SIGQUIT) received, shutting down
2021/11/03 22:54:01 [notice] 25#25: gracefully shutting down
2021/11/03 22:54:01 [notice] 24#24: gracefully shutting down
2021/11/03 22:54:01 [notice] 26#26: gracefully shutting down
2021/11/03 22:54:01 [notice] 25#25: exiting
2021/11/03 22:54:01 [notice] 24#24: exiting
2021/11/03 22:54:01 [notice] 26#26: exiting
2021/11/03 22:54:01 [notice] 25#25: exit
2021/11/03 22:54:01 [notice] 24#24: exit
2021/11/03 22:54:01 [notice] 26#26: exit
2021/11/03 22:54:01 [notice] 27#27: gracefully shutting down
2021/11/03 22:54:01 [notice] 27#27: exiting
2021/11/03 22:54:01 [notice] 27#27: exit
2021/11/03 22:54:01 [notice] 1#1: signal 17 (SIGCHLD) received from 25
2021/11/03 22:54:01 [notice] 1#1: worker process 24 exited with code 0
2021/11/03 22:54:01 [notice] 1#1: worker process 25 exited with code 0
2021/11/03 22:54:01 [notice] 1#1: worker process 26 exited with code 0
2021/11/03 22:54:01 [notice] 1#1: signal 29 (SIGIO) received
2021/11/03 22:54:01 [notice] 1#1: signal 17 (SIGCHLD) received from 24
2021/11/03 22:54:01 [notice] 1#1: signal 17 (SIGCHLD) received from 27
2021/11/03 22:54:01 [notice] 1#1: worker process 27 exited with code 0
2021/11/03 22:54:01 [notice] 1#1: exit
2021/11/03 23:06:41 [notice] 1#1: using the "epoll" event method
2021/11/03 23:06:41 [notice] 1#1: nginx/1.21.3
2021/11/03 23:06:41 [notice] 1#1: built by gcc 8.3.0 (Debian 8.3.0-6) 
2021/11/03 23:06:41 [notice] 1#1: OS: Linux 5.11.0-38-generic
2021/11/03 23:06:41 [notice] 1#1: getrlimit(RLIMIT_NOFILE): 1048576:1048576
2021/11/03 23:06:41 [notice] 1#1: start worker processes
2021/11/03 23:06:41 [notice] 1#1: start worker process 31
2021/11/03 23:06:41 [notice] 1#1: start worker process 32
2021/11/03 23:06:41 [notice] 1#1: start worker process 33
2021/11/03 23:06:41 [notice] 1#1: start worker process 34
2021/11/03 23:08:29 [notice] 1#1: signal 3 (SIGQUIT) received, shutting down
2021/11/03 23:08:29 [notice] 31#31: gracefully shutting down
2021/11/03 23:08:29 [notice] 32#32: gracefully shutting down
2021/11/03 23:08:29 [notice] 31#31: exiting
2021/11/03 23:08:29 [notice] 32#32: exiting
2021/11/03 23:08:29 [notice] 31#31: exit
2021/11/03 23:08:29 [notice] 32#32: exit
2021/11/03 23:08:29 [notice] 34#34: gracefully shutting down
2021/11/03 23:08:29 [notice] 34#34: exiting
2021/11/03 23:08:29 [notice] 34#34: exit
2021/11/03 23:08:29 [notice] 33#33: gracefully shutting down
2021/11/03 23:08:29 [notice] 33#33: exiting
2021/11/03 23:08:29 [notice] 33#33: exit
2021/11/03 23:08:29 [notice] 1#1: signal 17 (SIGCHLD) received from 31
2021/11/03 23:08:29 [notice] 1#1: worker process 31 exited with code 0
2021/11/03 23:08:29 [notice] 1#1: signal 29 (SIGIO) received
2021/11/03 23:08:29 [notice] 1#1: signal 17 (SIGCHLD) received from 32
2021/11/03 23:08:29 [notice] 1#1: worker process 32 exited with code 0
2021/11/03 23:08:29 [notice] 1#1: worker process 34 exited with code 0
2021/11/03 23:08:29 [notice] 1#1: worker process 33 exited with code 0
2021/11/03 23:08:29 [notice] 1#1: exit
2021/11/03 23:23:28 [notice] 1#1: using the "epoll" event method
2021/11/03 23:23:28 [notice] 1#1: nginx/1.21.3
2021/11/03 23:23:28 [notice] 1#1: built by gcc 8.3.0 (Debian 8.3.0-6) 
2021/11/03 23:23:28 [notice] 1#1: OS: Linux 5.11.0-38-generic
2021/11/03 23:23:28 [notice] 1#1: getrlimit(RLIMIT_NOFILE): 1048576:1048576
2021/11/03 23:23:28 [notice] 1#1: start worker processes
2021/11/03 23:23:28 [notice] 1#1: start worker process 30
2021/11/03 23:23:28 [notice] 1#1: start worker process 31
2021/11/03 23:23:28 [notice] 1#1: start worker process 32
2021/11/03 23:23:28 [notice] 1#1: start worker process 33
2021/11/03 23:59:03 [notice] 1#1: signal 3 (SIGQUIT) received, shutting down
2021/11/03 23:59:03 [notice] 30#30: gracefully shutting down
2021/11/03 23:59:03 [notice] 31#31: gracefully shutting down
2021/11/03 23:59:03 [notice] 33#33: gracefully shutting down
2021/11/03 23:59:03 [notice] 30#30: exiting
2021/11/03 23:59:03 [notice] 31#31: exiting
2021/11/03 23:59:03 [notice] 33#33: exiting
2021/11/03 23:59:03 [notice] 31#31: exit
2021/11/03 23:59:03 [notice] 30#30: exit
2021/11/03 23:59:03 [notice] 33#33: exit
2021/11/03 23:59:03 [notice] 32#32: gracefully shutting down
2021/11/03 23:59:03 [notice] 32#32: exiting
2021/11/03 23:59:03 [notice] 32#32: exit
2021/11/03 23:59:03 [notice] 1#1: signal 17 (SIGCHLD) received from 33
2021/11/03 23:59:03 [notice] 1#1: worker process 33 exited with code 0
2021/11/03 23:59:03 [notice] 1#1: signal 29 (SIGIO) received
2021/11/03 23:59:03 [notice] 1#1: signal 17 (SIGCHLD) received from 31
2021/11/03 23:59:03 [notice] 1#1: worker process 31 exited with code 0
2021/11/03 23:59:03 [notice] 1#1: signal 29 (SIGIO) received
2021/11/03 23:59:03 [notice] 1#1: signal 17 (SIGCHLD) received from 32
2021/11/03 23:59:03 [notice] 1#1: worker process 32 exited with code 0
2021/11/03 23:59:03 [notice] 1#1: signal 29 (SIGIO) received
2021/11/03 23:59:03 [notice] 1#1: signal 17 (SIGCHLD) received from 30
2021/11/03 23:59:03 [notice] 1#1: worker process 30 exited with code 0
2021/11/03 23:59:03 [notice] 1#1: exit
